TpTrace Verbose: 0 : 23924, 1, 2024/02/07, 22:46:03.923, 2914660457947, vstest.console.dll, Version: 17.8.0-release-23578-02 Current process architecture: X64
TpTrace Verbose: 0 : 23924, 1, 2024/02/07, 22:46:03.926, 2914660489204, vstest.console.dll, Runtime location: C:\Program Files\dotnet\shared\Microsoft.NETCore.App\8.0.1
TpTrace Verbose: 0 : 23924, 1, 2024/02/07, 22:46:03.953, 2914660759611, vstest.console.dll, ArtifactProcessingPostProcessModeProcessorExecutor.Initialize: ArtifactProcessingMode.Collect
TpTrace Verbose: 0 : 23924, 1, 2024/02/07, 22:46:03.953, 2914660761517, vstest.console.dll, TestSessionCorrelationIdProcessorModeProcessorExecutor.Initialize: TestSessionCorrelationId '24328_3b142c5c-8c8a-452e-810b-8d756f40fbcb'
TpTrace Information: 0 : 23924, 1, 2024/02/07, 22:46:03.962, 2914660848613, vstest.console.dll, FilePatternParser: The given file C:\Users\leonardo.alves\Documents\Estudos\NlwExpert-Csharp\RocketSeatAuction\tests\UseCase.Test\bin\Debug\net8.0\fine-code-coverage\build-output\UseCase.Test.dll is a full path.
TpTrace Verbose: 0 : 23924, 1, 2024/02/07, 22:46:04.034, 2914661569194, vstest.console.dll, TestPluginCache.DiscoverTestExtensions: finding test extensions in assemblies ends with: RuntimeProvider.dll TPluginInfo: Microsoft.VisualStudio.TestPlatform.Common.ExtensionFramework.Utilities.TestRuntimePluginInformation TExtension: Microsoft.VisualStudio.TestPlatform.ObjectModel.Host.ITestRuntimeProvider
TpTrace Verbose: 0 : 23924, 1, 2024/02/07, 22:46:04.034, 2914661572888, vstest.console.dll, TestPluginCache.GetExtensionPaths: Filtered extension paths: 
TpTrace Verbose: 0 : 23924, 1, 2024/02/07, 22:46:04.034, 2914661573920, vstest.console.dll, TestPluginCache.GetExtensionPaths: Added default extension paths: C:\Program Files\dotnet\sdk\8.0.101\Extensions\Microsoft.Diagnostics.NETCore.Client.dll
C:\Program Files\dotnet\sdk\8.0.101\Extensions\Microsoft.TestPlatform.Extensions.BlameDataCollector.dll
C:\Program Files\dotnet\sdk\8.0.101\Extensions\Microsoft.TestPlatform.Extensions.EventLogCollector.dll
C:\Program Files\dotnet\sdk\8.0.101\Extensions\Microsoft.TestPlatform.TestHostRuntimeProvider.dll
C:\Program Files\dotnet\sdk\8.0.101\Extensions\Microsoft.VisualStudio.TestPlatform.Extensions.Html.TestLogger.dll
C:\Program Files\dotnet\sdk\8.0.101\Extensions\Microsoft.VisualStudio.TestPlatform.Extensions.Trx.TestLogger.dll
TpTrace Verbose: 0 : 23924, 1, 2024/02/07, 22:46:04.034, 2914661574259, vstest.console.dll, TestPluginCache.GetExtensionPaths: Added unfilterableExtensionPaths: 
TpTrace Information: 0 : 23924, 1, 2024/02/07, 22:46:04.035, 2914661579814, vstest.console.dll, AssemblyResolver.ctor: Creating AssemblyResolver with searchDirectories C:\Program Files\dotnet\sdk\8.0.101\Extensions,C:\Program Files\dotnet\sdk\8.0.101
TpTrace Verbose: 0 : 23924, 1, 2024/02/07, 22:46:04.038, 2914661613464, vstest.console.dll, TestPluginCache.DiscoverTestExtensions: Discovering the extensions using extension path.
TpTrace Verbose: 0 : 23924, 1, 2024/02/07, 22:46:04.038, 2914661615478, vstest.console.dll, TestPluginCache.GetExtensionPaths: Filtered extension paths: 
TpTrace Verbose: 0 : 23924, 1, 2024/02/07, 22:46:04.038, 2914661615969, vstest.console.dll, TestPluginCache.GetExtensionPaths: Added default extension paths: C:\Program Files\dotnet\sdk\8.0.101\Extensions\Microsoft.Diagnostics.NETCore.Client.dll
C:\Program Files\dotnet\sdk\8.0.101\Extensions\Microsoft.TestPlatform.Extensions.BlameDataCollector.dll
C:\Program Files\dotnet\sdk\8.0.101\Extensions\Microsoft.TestPlatform.Extensions.EventLogCollector.dll
C:\Program Files\dotnet\sdk\8.0.101\Extensions\Microsoft.TestPlatform.TestHostRuntimeProvider.dll
C:\Program Files\dotnet\sdk\8.0.101\Extensions\Microsoft.VisualStudio.TestPlatform.Extensions.Html.TestLogger.dll
C:\Program Files\dotnet\sdk\8.0.101\Extensions\Microsoft.VisualStudio.TestPlatform.Extensions.Trx.TestLogger.dll
TpTrace Verbose: 0 : 23924, 1, 2024/02/07, 22:46:04.039, 2914661616284, vstest.console.dll, TestPluginCache.GetExtensionPaths: Added unfilterableExtensionPaths: 
TpTrace Verbose: 0 : 23924, 1, 2024/02/07, 22:46:04.039, 2914661617250, vstest.console.dll, TestPluginCache.DiscoverTestExtensions: Discovering the extensions using allExtensionPaths: C:\Program Files\dotnet\sdk\8.0.101\Extensions\Microsoft.Diagnostics.NETCore.Client.dll
C:\Program Files\dotnet\sdk\8.0.101\Extensions\Microsoft.TestPlatform.Extensions.BlameDataCollector.dll
C:\Program Files\dotnet\sdk\8.0.101\Extensions\Microsoft.TestPlatform.Extensions.EventLogCollector.dll
C:\Program Files\dotnet\sdk\8.0.101\Extensions\Microsoft.TestPlatform.TestHostRuntimeProvider.dll
C:\Program Files\dotnet\sdk\8.0.101\Extensions\Microsoft.VisualStudio.TestPlatform.Extensions.Html.TestLogger.dll
C:\Program Files\dotnet\sdk\8.0.101\Extensions\Microsoft.VisualStudio.TestPlatform.Extensions.Trx.TestLogger.dll
TpTrace Information: 0 : 23924, 1, 2024/02/07, 22:46:04.039, 2914661618421, vstest.console.dll, AssemblyResolver.AddSearchDirectories: Adding more searchDirectories C:\Program Files\dotnet\sdk\8.0.101\Extensions,C:\Program Files\dotnet\sdk\8.0.101
TpTrace Information: 0 : 23924, 1, 2024/02/07, 22:46:04.039, 2914661618962, vstest.console.dll, AssemblyResolver.AddSearchDirectories: Adding more searchDirectories C:\Program Files\dotnet\sdk\8.0.101\Extensions,C:\Program Files\dotnet\sdk\8.0.101
TpTrace Information: 0 : 23924, 1, 2024/02/07, 22:46:04.039, 2914661619327, vstest.console.dll, AssemblyResolver.AddSearchDirectories: Adding more searchDirectories C:\Program Files\dotnet\sdk\8.0.101\Extensions,C:\Program Files\dotnet\sdk\8.0.101
TpTrace Information: 0 : 23924, 1, 2024/02/07, 22:46:04.039, 2914661619611, vstest.console.dll, AssemblyResolver.AddSearchDirectories: Adding more searchDirectories C:\Program Files\dotnet\sdk\8.0.101\Extensions,C:\Program Files\dotnet\sdk\8.0.101
TpTrace Information: 0 : 23924, 1, 2024/02/07, 22:46:04.039, 2914661619881, vstest.console.dll, AssemblyResolver.AddSearchDirectories: Adding more searchDirectories C:\Program Files\dotnet\sdk\8.0.101\Extensions,C:\Program Files\dotnet\sdk\8.0.101
TpTrace Information: 0 : 23924, 1, 2024/02/07, 22:46:04.039, 2914661620186, vstest.console.dll, AssemblyResolver.AddSearchDirectories: Adding more searchDirectories C:\Program Files\dotnet\sdk\8.0.101\Extensions,C:\Program Files\dotnet\sdk\8.0.101
TpTrace Information: 0 : 23924, 1, 2024/02/07, 22:46:04.039, 2914661624888, vstest.console.dll, AssemblyResolver.OnResolve: Microsoft.Diagnostics.NETCore.Client: Resolving assembly.
TpTrace Information: 0 : 23924, 1, 2024/02/07, 22:46:04.039, 2914661625902, vstest.console.dll, AssemblyResolver.OnResolve: Microsoft.Diagnostics.NETCore.Client: Searching in: 'C:\Program Files\dotnet\sdk\8.0.101\Extensions'.
TpTrace Information: 0 : 23924, 1, 2024/02/07, 22:46:04.082, 2914662047876, vstest.console.dll, AssemblyResolver.OnResolve: Microsoft.Diagnostics.NETCore.Client: Loading assembly 'C:\Program Files\dotnet\sdk\8.0.101\Extensions\Microsoft.Diagnostics.NETCore.Client.dll'.
TpTrace Information: 0 : 23924, 1, 2024/02/07, 22:46:04.085, 2914662081808, vstest.console.dll, AssemblyResolver.OnResolve: Resolved assembly: Microsoft.Diagnostics.NETCore.Client, from path: C:\Program Files\dotnet\sdk\8.0.101\Extensions\Microsoft.Diagnostics.NETCore.Client.dll
TpTrace Verbose: 0 : 23924, 1, 2024/02/07, 22:46:04.089, 2914662118168, vstest.console.dll, MetadataReaderExtensionsHelper: Discovering extensions inside assembly 'Microsoft.Diagnostics.NETCore.Client, Version=0.2.8.21101, Culture=neutral, PublicKeyToken=31bf3856ad364e35' file path 'C:\Program Files\dotnet\sdk\8.0.101\Extensions\Microsoft.Diagnostics.NETCore.Client.dll'
TpTrace Information: 0 : 23924, 1, 2024/02/07, 22:46:04.097, 2914662205153, vstest.console.dll, AssemblyResolver.OnResolve: Microsoft.Bcl.AsyncInterfaces: Resolving assembly.
TpTrace Information: 0 : 23924, 1, 2024/02/07, 22:46:04.098, 2914662206484, vstest.console.dll, AssemblyResolver.OnResolve: Microsoft.Bcl.AsyncInterfaces: Searching in: 'C:\Program Files\dotnet\sdk\8.0.101\Extensions'.
TpTrace Information: 0 : 23924, 1, 2024/02/07, 22:46:04.098, 2914662207772, vstest.console.dll, AssemblyResolver.OnResolve: Microsoft.Bcl.AsyncInterfaces: Assembly path does not exist: 'C:\Program Files\dotnet\sdk\8.0.101\Extensions\Microsoft.Bcl.AsyncInterfaces.dll', returning.
TpTrace Information: 0 : 23924, 1, 2024/02/07, 22:46:04.098, 2914662208412, vstest.console.dll, AssemblyResolver.OnResolve: Microsoft.Bcl.AsyncInterfaces: Assembly path does not exist: 'C:\Program Files\dotnet\sdk\8.0.101\Extensions\Microsoft.Bcl.AsyncInterfaces.exe', returning.
TpTrace Information: 0 : 23924, 1, 2024/02/07, 22:46:04.098, 2914662208799, vstest.console.dll, AssemblyResolver.OnResolve: Microsoft.Bcl.AsyncInterfaces: Searching in: 'C:\Program Files\dotnet\sdk\8.0.101'.
TpTrace Information: 0 : 23924, 1, 2024/02/07, 22:46:04.098, 2914662209398, vstest.console.dll, AssemblyResolver.OnResolve: Microsoft.Bcl.AsyncInterfaces: Assembly path does not exist: 'C:\Program Files\dotnet\sdk\8.0.101\Microsoft.Bcl.AsyncInterfaces.dll', returning.
TpTrace Information: 0 : 23924, 1, 2024/02/07, 22:46:04.098, 2914662209939, vstest.console.dll, AssemblyResolver.OnResolve: Microsoft.Bcl.AsyncInterfaces: Assembly path does not exist: 'C:\Program Files\dotnet\sdk\8.0.101\Microsoft.Bcl.AsyncInterfaces.exe', returning.
TpTrace Information: 0 : 23924, 1, 2024/02/07, 22:46:04.098, 2914662210232, vstest.console.dll, AssemblyResolver.OnResolve: Microsoft.Bcl.AsyncInterfaces: Failed to load assembly.
TpTrace Verbose: 0 : 23924, 1, 2024/02/07, 22:46:04.098, 2914662210625, vstest.console.dll, CurrentDomainAssemblyResolve: Resolving assembly 'Microsoft.Bcl.AsyncInterfaces'.
TpTrace Information: 0 : 23924, 1, 2024/02/07, 22:46:04.098, 2914662211418, vstest.console.dll, AssemblyResolver.OnResolve: Microsoft.Bcl.AsyncInterfaces: Resolving assembly.
TpTrace Information: 0 : 23924, 1, 2024/02/07, 22:46:04.098, 2914662211823, vstest.console.dll, AssemblyResolver.OnResolve: Microsoft.Bcl.AsyncInterfaces: Resolved from cache.
TpTrace Verbose: 0 : 23924, 1, 2024/02/07, 22:46:04.098, 2914662212119, vstest.console.dll, CurrentDomainAssemblyResolve: Resolving assembly 'Microsoft.Bcl.AsyncInterfaces'.
TpTrace Verbose: 0 : 23924, 1, 2024/02/07, 22:46:04.098, 2914662212471, vstest.console.dll, CurrentDomainAssemblyResolve: Failed to resolve assembly 'Microsoft.Bcl.AsyncInterfaces'.
TpTrace Verbose: 0 : 23924, 1, 2024/02/07, 22:46:04.102, 2914662247257, vstest.console.dll, CurrentDomainAssemblyResolve: Failed to resolve assembly 'Microsoft.Bcl.AsyncInterfaces'.
TpTrace Warning: 0 : 23924, 1, 2024/02/07, 22:46:04.117, 2914662404601, vstest.console.dll, TestPluginDiscoverer: Failed to get types from assembly 'Microsoft.Diagnostics.NETCore.Client, Version=0.2.8.21101, Culture=neutral, PublicKeyToken=31bf3856ad364e35'. Error: System.Reflection.ReflectionTypeLoadException: Unable to load one or more of the requested types.
Could not load file or assembly 'Microsoft.Bcl.AsyncInterfaces, Version=1.0.0.0, Culture=neutral, PublicKeyToken=cc7b13ffcd2ddd51'. The system cannot find the file specified.
   at System.Reflection.RuntimeModule.GetTypes(RuntimeModule module)
   at System.Reflection.RuntimeModule.GetTypes()
   at Microsoft.VisualStudio.TestPlatform.Common.ExtensionFramework.TestPluginDiscoverer.GetTestExtensionsFromAssembly[TPluginInfo,TExtension](Assembly assembly, Dictionary`2 pluginInfos, String filePath) in /_/src/Microsoft.TestPlatform.Common/ExtensionFramework/TestPluginDiscoverer.cs:line 158
System.IO.FileNotFoundException: Could not load file or assembly 'Microsoft.Bcl.AsyncInterfaces, Version=1.0.0.0, Culture=neutral, PublicKeyToken=cc7b13ffcd2ddd51'. The system cannot find the file specified.
File name: 'Microsoft.Bcl.AsyncInterfaces, Version=1.0.0.0, Culture=neutral, PublicKeyToken=cc7b13ffcd2ddd51'
 ---> System.IO.FileNotFoundException: Could not load file or assembly 'Microsoft.Bcl.AsyncInterfaces, Culture=neutral, PublicKeyToken=null'. The system cannot find the file specified.
File name: 'Microsoft.Bcl.AsyncInterfaces, Culture=neutral, PublicKeyToken=null'
   at System.Reflection.RuntimeAssembly.InternalLoad(AssemblyName assemblyName, StackCrawlMark& stackMark, AssemblyLoadContext assemblyLoadContext, RuntimeAssembly requestingAssembly, Boolean throwOnFileNotFound)
   at System.Reflection.Assembly.Load(AssemblyName assemblyRef)
   at Microsoft.VisualStudio.TestPlatform.Common.ExtensionFramework.TestPluginCache.CurrentDomainAssemblyResolve(Object sender, AssemblyResolveEventArgs args) in /_/src/Microsoft.TestPlatform.Common/ExtensionFramework/TestPluginCache.cs:line 513
   at System.Runtime.Loader.AssemblyLoadContext.GetFirstResolvedAssemblyFromResolvingEvent(AssemblyName assemblyName)
   at System.Runtime.Loader.AssemblyLoadContext.ResolveUsingEvent(AssemblyName assemblyName)
   at System.Runtime.Loader.AssemblyLoadContext.ResolveUsingResolvingEvent(IntPtr gchManagedAssemblyLoadContext, AssemblyName assemblyName)
TpTrace Warning: 0 : 23924, 1, 2024/02/07, 22:46:04.118, 2914662408231, vstest.console.dll, LoaderExceptions: System.IO.FileNotFoundException: Could not load file or assembly 'Microsoft.Bcl.AsyncInterfaces, Version=1.0.0.0, Culture=neutral, PublicKeyToken=cc7b13ffcd2ddd51'. The system cannot find the file specified.
File name: 'Microsoft.Bcl.AsyncInterfaces, Version=1.0.0.0, Culture=neutral, PublicKeyToken=cc7b13ffcd2ddd51'
 ---> System.IO.FileNotFoundException: Could not load file or assembly 'Microsoft.Bcl.AsyncInterfaces, Culture=neutral, PublicKeyToken=null'. The system cannot find the file specified.
File name: 'Microsoft.Bcl.AsyncInterfaces, Culture=neutral, PublicKeyToken=null'
   at System.Reflection.RuntimeAssembly.InternalLoad(AssemblyName assemblyName, StackCrawlMark& stackMark, AssemblyLoadContext assemblyLoadContext, RuntimeAssembly requestingAssembly, Boolean throwOnFileNotFound)
   at System.Reflection.Assembly.Load(AssemblyName assemblyRef)
   at Microsoft.VisualStudio.TestPlatform.Common.ExtensionFramework.TestPluginCache.CurrentDomainAssemblyResolve(Object sender, AssemblyResolveEventArgs args) in /_/src/Microsoft.TestPlatform.Common/ExtensionFramework/TestPluginCache.cs:line 513
   at System.Runtime.Loader.AssemblyLoadContext.GetFirstResolvedAssemblyFromResolvingEvent(AssemblyName assemblyName)
   at System.Runtime.Loader.AssemblyLoadContext.ResolveUsingEvent(AssemblyName assemblyName)
   at System.Runtime.Loader.AssemblyLoadContext.ResolveUsingResolvingEvent(IntPtr gchManagedAssemblyLoadContext, AssemblyName assemblyName)
TpTrace Information: 0 : 23924, 1, 2024/02/07, 22:46:04.118, 2914662409541, vstest.console.dll, AssemblyResolver.OnResolve: Microsoft.TestPlatform.Extensions.BlameDataCollector: Resolving assembly.
TpTrace Information: 0 : 23924, 1, 2024/02/07, 22:46:04.118, 2914662409935, vstest.console.dll, AssemblyResolver.OnResolve: Microsoft.TestPlatform.Extensions.BlameDataCollector: Searching in: 'C:\Program Files\dotnet\sdk\8.0.101\Extensions'.
TpTrace Information: 0 : 23924, 1, 2024/02/07, 22:46:04.144, 2914662667231, vstest.console.dll, AssemblyResolver.OnResolve: Microsoft.TestPlatform.Extensions.BlameDataCollector: Loading assembly 'C:\Program Files\dotnet\sdk\8.0.101\Extensions\Microsoft.TestPlatform.Extensions.BlameDataCollector.dll'.
TpTrace Information: 0 : 23924, 1, 2024/02/07, 22:46:04.146, 2914662694454, vstest.console.dll, AssemblyResolver.OnResolve: Resolved assembly: Microsoft.TestPlatform.Extensions.BlameDataCollector, from path: C:\Program Files\dotnet\sdk\8.0.101\Extensions\Microsoft.TestPlatform.Extensions.BlameDataCollector.dll
TpTrace Verbose: 0 : 23924, 1, 2024/02/07, 22:46:04.147, 2914662697709, vstest.console.dll, MetadataReaderExtensionsHelper: Discovering extensions inside assembly 'Microsoft.TestPlatform.Extensions.BlameDataCollector, Version=15.0.0.0, Culture=neutral, PublicKeyToken=b03f5f7f11d50a3a' file path 'C:\Program Files\dotnet\sdk\8.0.101\Extensions\Microsoft.TestPlatform.Extensions.BlameDataCollector.dll'
TpTrace Information: 0 : 23924, 1, 2024/02/07, 22:46:04.149, 2914662719084, vstest.console.dll, AssemblyResolver.OnResolve: Microsoft.TestPlatform.Extensions.EventLogCollector: Resolving assembly.
TpTrace Information: 0 : 23924, 1, 2024/02/07, 22:46:04.149, 2914662720429, vstest.console.dll, AssemblyResolver.OnResolve: Microsoft.TestPlatform.Extensions.EventLogCollector: Searching in: 'C:\Program Files\dotnet\sdk\8.0.101\Extensions'.
TpTrace Information: 0 : 23924, 1, 2024/02/07, 22:46:04.173, 2914662963174, vstest.console.dll, AssemblyResolver.OnResolve: Microsoft.TestPlatform.Extensions.EventLogCollector: Loading assembly 'C:\Program Files\dotnet\sdk\8.0.101\Extensions\Microsoft.TestPlatform.Extensions.EventLogCollector.dll'.
TpTrace Information: 0 : 23924, 1, 2024/02/07, 22:46:04.177, 2914662999387, vstest.console.dll, AssemblyResolver.OnResolve: Resolved assembly: Microsoft.TestPlatform.Extensions.EventLogCollector, from path: C:\Program Files\dotnet\sdk\8.0.101\Extensions\Microsoft.TestPlatform.Extensions.EventLogCollector.dll
TpTrace Verbose: 0 : 23924, 1, 2024/02/07, 22:46:04.177, 2914663001007, vstest.console.dll, MetadataReaderExtensionsHelper: Discovering extensions inside assembly 'Microsoft.TestPlatform.Extensions.EventLogCollector, Version=15.0.0.0, Culture=neutral, PublicKeyToken=b03f5f7f11d50a3a' file path 'C:\Program Files\dotnet\sdk\8.0.101\Extensions\Microsoft.TestPlatform.Extensions.EventLogCollector.dll'
TpTrace Information: 0 : 23924, 1, 2024/02/07, 22:46:04.182, 2914663052086, vstest.console.dll, AssemblyResolver.OnResolve: Microsoft.TestPlatform.TestHostRuntimeProvider: Resolving assembly.
TpTrace Information: 0 : 23924, 1, 2024/02/07, 22:46:04.182, 2914663053438, vstest.console.dll, AssemblyResolver.OnResolve: Microsoft.TestPlatform.TestHostRuntimeProvider: Searching in: 'C:\Program Files\dotnet\sdk\8.0.101\Extensions'.
TpTrace Information: 0 : 23924, 1, 2024/02/07, 22:46:04.204, 2914663267778, vstest.console.dll, AssemblyResolver.OnResolve: Microsoft.TestPlatform.TestHostRuntimeProvider: Loading assembly 'C:\Program Files\dotnet\sdk\8.0.101\Extensions\Microsoft.TestPlatform.TestHostRuntimeProvider.dll'.
TpTrace Information: 0 : 23924, 1, 2024/02/07, 22:46:04.206, 2914663294285, vstest.console.dll, AssemblyResolver.OnResolve: Resolved assembly: Microsoft.TestPlatform.TestHostRuntimeProvider, from path: C:\Program Files\dotnet\sdk\8.0.101\Extensions\Microsoft.TestPlatform.TestHostRuntimeProvider.dll
TpTrace Verbose: 0 : 23924, 1, 2024/02/07, 22:46:04.206, 2914663295334, vstest.console.dll, MetadataReaderExtensionsHelper: Discovering extensions inside assembly 'Microsoft.TestPlatform.TestHostRuntimeProvider, Version=15.0.0.0, Culture=neutral, PublicKeyToken=b03f5f7f11d50a3a' file path 'C:\Program Files\dotnet\sdk\8.0.101\Extensions\Microsoft.TestPlatform.TestHostRuntimeProvider.dll'
TpTrace Information: 0 : 23924, 1, 2024/02/07, 22:46:04.209, 2914663318149, vstest.console.dll, GetTestExtensionFromType: Register extension with identifier data 'HostProvider://DefaultTestHost' and type 'Microsoft.VisualStudio.TestPlatform.CrossPlatEngine.Hosting.DefaultTestHostManager, Microsoft.TestPlatform.TestHostRuntimeProvider, Version=15.0.0.0, Culture=neutral, PublicKeyToken=b03f5f7f11d50a3a' inside file 'C:\Program Files\dotnet\sdk\8.0.101\Extensions\Microsoft.TestPlatform.TestHostRuntimeProvider.dll'
TpTrace Information: 0 : 23924, 1, 2024/02/07, 22:46:04.209, 2914663323554, vstest.console.dll, GetTestExtensionFromType: Register extension with identifier data 'HostProvider://DotnetTestHost' and type 'Microsoft.VisualStudio.TestPlatform.CrossPlatEngine.Hosting.DotnetTestHostManager, Microsoft.TestPlatform.TestHostRuntimeProvider, Version=15.0.0.0, Culture=neutral, PublicKeyToken=b03f5f7f11d50a3a' inside file 'C:\Program Files\dotnet\sdk\8.0.101\Extensions\Microsoft.TestPlatform.TestHostRuntimeProvider.dll'
TpTrace Information: 0 : 23924, 1, 2024/02/07, 22:46:04.209, 2914663325397, vstest.console.dll, AssemblyResolver.OnResolve: Microsoft.VisualStudio.TestPlatform.Extensions.Html.TestLogger: Resolving assembly.
TpTrace Information: 0 : 23924, 1, 2024/02/07, 22:46:04.209, 2914663325755, vstest.console.dll, AssemblyResolver.OnResolve: Microsoft.VisualStudio.TestPlatform.Extensions.Html.TestLogger: Searching in: 'C:\Program Files\dotnet\sdk\8.0.101\Extensions'.
TpTrace Information: 0 : 23924, 1, 2024/02/07, 22:46:04.231, 2914663542623, vstest.console.dll, AssemblyResolver.OnResolve: Microsoft.VisualStudio.TestPlatform.Extensions.Html.TestLogger: Loading assembly 'C:\Program Files\dotnet\sdk\8.0.101\Extensions\Microsoft.VisualStudio.TestPlatform.Extensions.Html.TestLogger.dll'.
TpTrace Information: 0 : 23924, 1, 2024/02/07, 22:46:04.234, 2914663568321, vstest.console.dll, AssemblyResolver.OnResolve: Resolved assembly: Microsoft.VisualStudio.TestPlatform.Extensions.Html.TestLogger, from path: C:\Program Files\dotnet\sdk\8.0.101\Extensions\Microsoft.VisualStudio.TestPlatform.Extensions.Html.TestLogger.dll
TpTrace Verbose: 0 : 23924, 1, 2024/02/07, 22:46:04.234, 2914663569609, vstest.console.dll, MetadataReaderExtensionsHelper: Discovering extensions inside assembly 'Microsoft.VisualStudio.TestPlatform.Extensions.Html.TestLogger, Version=15.0.0.0, Culture=neutral, PublicKeyToken=b03f5f7f11d50a3a' file path 'C:\Program Files\dotnet\sdk\8.0.101\Extensions\Microsoft.VisualStudio.TestPlatform.Extensions.Html.TestLogger.dll'
TpTrace Information: 0 : 23924, 1, 2024/02/07, 22:46:04.235, 2914663582039, vstest.console.dll, AssemblyResolver.OnResolve: Microsoft.VisualStudio.TestPlatform.Extensions.Trx.TestLogger: Resolving assembly.
TpTrace Information: 0 : 23924, 1, 2024/02/07, 22:46:04.235, 2914663583107, vstest.console.dll, AssemblyResolver.OnResolve: Microsoft.VisualStudio.TestPlatform.Extensions.Trx.TestLogger: Searching in: 'C:\Program Files\dotnet\sdk\8.0.101\Extensions'.
TpTrace Information: 0 : 23924, 1, 2024/02/07, 22:46:04.265, 2914663885517, vstest.console.dll, AssemblyResolver.OnResolve: Microsoft.VisualStudio.TestPlatform.Extensions.Trx.TestLogger: Loading assembly 'C:\Program Files\dotnet\sdk\8.0.101\Extensions\Microsoft.VisualStudio.TestPlatform.Extensions.Trx.TestLogger.dll'.
TpTrace Information: 0 : 23924, 1, 2024/02/07, 22:46:04.268, 2914663909670, vstest.console.dll, AssemblyResolver.OnResolve: Resolved assembly: Microsoft.VisualStudio.TestPlatform.Extensions.Trx.TestLogger, from path: C:\Program Files\dotnet\sdk\8.0.101\Extensions\Microsoft.VisualStudio.TestPlatform.Extensions.Trx.TestLogger.dll
TpTrace Verbose: 0 : 23924, 1, 2024/02/07, 22:46:04.268, 2914663910768, vstest.console.dll, MetadataReaderExtensionsHelper: Discovering extensions inside assembly 'Microsoft.VisualStudio.TestPlatform.Extensions.Trx.TestLogger, Version=15.0.0.0, Culture=neutral, PublicKeyToken=b03f5f7f11d50a3a' file path 'C:\Program Files\dotnet\sdk\8.0.101\Extensions\Microsoft.VisualStudio.TestPlatform.Extensions.Trx.TestLogger.dll'
TpTrace Verbose: 0 : 23924, 1, 2024/02/07, 22:46:04.269, 2914663925536, vstest.console.dll, TestPluginCache: Discovered the extensions using extension path ''.
TpTrace Verbose: 0 : 23924, 1, 2024/02/07, 22:46:04.270, 2914663926676, vstest.console.dll, TestPluginCache: Discoverers are ''.
TpTrace Verbose: 0 : 23924, 1, 2024/02/07, 22:46:04.270, 2914663926999, vstest.console.dll, TestPluginCache: Executors are ''.
TpTrace Verbose: 0 : 23924, 1, 2024/02/07, 22:46:04.270, 2914663927251, vstest.console.dll, TestPluginCache: Executors2 are ''.
TpTrace Verbose: 0 : 23924, 1, 2024/02/07, 22:46:04.270, 2914663927524, vstest.console.dll, TestPluginCache: Setting providers are ''.
TpTrace Verbose: 0 : 23924, 1, 2024/02/07, 22:46:04.270, 2914663927764, vstest.console.dll, TestPluginCache: Loggers are ''.
TpTrace Verbose: 0 : 23924, 1, 2024/02/07, 22:46:04.270, 2914663929250, vstest.console.dll, TestPluginCache: TestHosts are 'HostProvider://DefaultTestHost,HostProvider://DotnetTestHost'.
TpTrace Verbose: 0 : 23924, 1, 2024/02/07, 22:46:04.270, 2914663929767, vstest.console.dll, TestPluginCache: DataCollectors are ''.
TpTrace Information: 0 : 23924, 1, 2024/02/07, 22:46:04.376, 2914664994002, vstest.console.dll, RunTestsArgumentProcessor:Execute: Test run is starting.
TpTrace Verbose: 0 : 23924, 1, 2024/02/07, 22:46:04.376, 2914664995713, vstest.console.dll, RunTestsArgumentProcessor:Execute: Queuing Test run.
TpTrace Information: 0 : 23924, 1, 2024/02/07, 22:46:04.377, 2914664997820, vstest.console.dll, TestRequestManager.RunTests: run tests started.
TpTrace Information: 0 : 23924, 1, 2024/02/07, 22:46:04.379, 2914665018157, vstest.console.dll, AssemblyMetadataProvider.GetFrameworkName: Determined framework:'.NETCoreApp,Version=v8.0' for source: 'C:\Users\leonardo.alves\Documents\Estudos\NlwExpert-Csharp\RocketSeatAuction\tests\UseCase.Test\bin\Debug\net8.0\fine-code-coverage\build-output\UseCase.Test.dll'
TpTrace Information: 0 : 23924, 1, 2024/02/07, 22:46:04.379, 2914665020050, vstest.console.dll, Determined framework for all sources: .NETCoreApp,Version=v8.0
TpTrace Verbose: 0 : 23924, 1, 2024/02/07, 22:46:04.379, 2914665023600, vstest.console.dll, TestRequestManager.UpdateRunSettingsIfRequired: Default architecture: X64 IsDefaultTargetArchitecture: True, Current process architecture: X64 OperatingSystem: Windows.
TpTrace Information: 0 : 23924, 1, 2024/02/07, 22:46:04.382, 2914665053672, vstest.console.dll, AssemblyMetadataProvider.GetArchitecture: Determined architecture:AnyCPU info for assembly: C:\Users\leonardo.alves\Documents\Estudos\NlwExpert-Csharp\RocketSeatAuction\tests\UseCase.Test\bin\Debug\net8.0\fine-code-coverage\build-output\UseCase.Test.dll
TpTrace Information: 0 : 23924, 1, 2024/02/07, 22:46:04.382, 2914665054755, vstest.console.dll, Determined platform for source 'C:\Users\leonardo.alves\Documents\Estudos\NlwExpert-Csharp\RocketSeatAuction\tests\UseCase.Test\bin\Debug\net8.0\fine-code-coverage\build-output\UseCase.Test.dll' was AnyCPU and it will use the default plaform X64.
TpTrace Information: 0 : 23924, 1, 2024/02/07, 22:46:04.382, 2914665055047, vstest.console.dll, None of the sources provided any runnable platform, using the default platform: X64
TpTrace Information: 0 : 23924, 1, 2024/02/07, 22:46:04.382, 2914665056098, vstest.console.dll, Platform was updated to 'X64'.
TpTrace Information: 0 : 23924, 1, 2024/02/07, 22:46:04.386, 2914665089604, vstest.console.dll, InferRunSettingsHelper.IsTestSettingsEnabled: Unable to navigate to RunSettings/MSTest. Current node: RunSettings
TpTrace Information: 0 : 23924, 1, 2024/02/07, 22:46:04.386, 2914665095720, vstest.console.dll, AssemblyResolver.OnResolve: Microsoft.VisualStudio.TestPlatform.Fakes: Resolving assembly.
TpTrace Information: 0 : 23924, 1, 2024/02/07, 22:46:04.387, 2914665096586, vstest.console.dll, AssemblyResolver.OnResolve: Microsoft.VisualStudio.TestPlatform.Fakes: Searching in: 'C:\Program Files\dotnet\sdk\8.0.101\Extensions'.
TpTrace Information: 0 : 23924, 1, 2024/02/07, 22:46:04.387, 2914665097875, vstest.console.dll, AssemblyResolver.OnResolve: Microsoft.VisualStudio.TestPlatform.Fakes: Assembly path does not exist: 'C:\Program Files\dotnet\sdk\8.0.101\Extensions\Microsoft.VisualStudio.TestPlatform.Fakes.dll', returning.
TpTrace Information: 0 : 23924, 1, 2024/02/07, 22:46:04.387, 2914665098475, vstest.console.dll, AssemblyResolver.OnResolve: Microsoft.VisualStudio.TestPlatform.Fakes: Assembly path does not exist: 'C:\Program Files\dotnet\sdk\8.0.101\Extensions\Microsoft.VisualStudio.TestPlatform.Fakes.exe', returning.
TpTrace Information: 0 : 23924, 1, 2024/02/07, 22:46:04.387, 2914665098779, vstest.console.dll, AssemblyResolver.OnResolve: Microsoft.VisualStudio.TestPlatform.Fakes: Searching in: 'C:\Program Files\dotnet\sdk\8.0.101'.
TpTrace Information: 0 : 23924, 1, 2024/02/07, 22:46:04.387, 2914665099471, vstest.console.dll, AssemblyResolver.OnResolve: Microsoft.VisualStudio.TestPlatform.Fakes: Assembly path does not exist: 'C:\Program Files\dotnet\sdk\8.0.101\Microsoft.VisualStudio.TestPlatform.Fakes.dll', returning.
TpTrace Information: 0 : 23924, 1, 2024/02/07, 22:46:04.387, 2914665100059, vstest.console.dll, AssemblyResolver.OnResolve: Microsoft.VisualStudio.TestPlatform.Fakes: Assembly path does not exist: 'C:\Program Files\dotnet\sdk\8.0.101\Microsoft.VisualStudio.TestPlatform.Fakes.exe', returning.
TpTrace Information: 0 : 23924, 1, 2024/02/07, 22:46:04.387, 2914665100356, vstest.console.dll, AssemblyResolver.OnResolve: Microsoft.VisualStudio.TestPlatform.Fakes: Failed to load assembly.
TpTrace Information: 0 : 23924, 1, 2024/02/07, 22:46:04.387, 2914665102692, vstest.console.dll, Failed to load assembly Microsoft.VisualStudio.TestPlatform.Fakes, Version=17.0.0.0, Culture=neutral. Reason:System.IO.FileNotFoundException: Could not load file or assembly 'Microsoft.VisualStudio.TestPlatform.Fakes, Version=17.0.0.0, Culture=neutral, PublicKeyToken=null'. The system cannot find the file specified.
File name: 'Microsoft.VisualStudio.TestPlatform.Fakes, Version=17.0.0.0, Culture=neutral, PublicKeyToken=null'
   at System.Reflection.RuntimeAssembly.InternalLoad(AssemblyName assemblyName, StackCrawlMark& stackMark, AssemblyLoadContext assemblyLoadContext, RuntimeAssembly requestingAssembly, Boolean throwOnFileNotFound)
   at System.Reflection.Assembly.Load(AssemblyName assemblyRef)
   at Microsoft.VisualStudio.TestPlatform.Common.Utilities.FakesUtilities.LoadTestPlatformAssembly() in /_/src/Microsoft.TestPlatform.Common/Utilities/FakesUtilities.cs:line 272
TpTrace Verbose: 0 : 23924, 1, 2024/02/07, 22:46:04.391, 2914665138216, vstest.console.dll, TestPluginCache.DiscoverTestExtensions: finding test extensions in assemblies ends with: TestLogger.dll TPluginInfo: Microsoft.VisualStudio.TestPlatform.Common.ExtensionFramework.Utilities.TestLoggerPluginInformation TExtension: Microsoft.VisualStudio.TestPlatform.ObjectModel.Client.ITestLogger
TpTrace Verbose: 0 : 23924, 1, 2024/02/07, 22:46:04.391, 2914665140646, vstest.console.dll, TestPluginCache.GetExtensionPaths: Filtered extension paths: 
TpTrace Verbose: 0 : 23924, 1, 2024/02/07, 22:46:04.391, 2914665141350, vstest.console.dll, TestPluginCache.GetExtensionPaths: Added default extension paths: C:\Program Files\dotnet\sdk\8.0.101\Extensions\Microsoft.Diagnostics.NETCore.Client.dll
C:\Program Files\dotnet\sdk\8.0.101\Extensions\Microsoft.TestPlatform.Extensions.BlameDataCollector.dll
C:\Program Files\dotnet\sdk\8.0.101\Extensions\Microsoft.TestPlatform.Extensions.EventLogCollector.dll
C:\Program Files\dotnet\sdk\8.0.101\Extensions\Microsoft.TestPlatform.TestHostRuntimeProvider.dll
C:\Program Files\dotnet\sdk\8.0.101\Extensions\Microsoft.VisualStudio.TestPlatform.Extensions.Html.TestLogger.dll
C:\Program Files\dotnet\sdk\8.0.101\Extensions\Microsoft.VisualStudio.TestPlatform.Extensions.Trx.TestLogger.dll
TpTrace Verbose: 0 : 23924, 1, 2024/02/07, 22:46:04.391, 2914665142031, vstest.console.dll, TestPluginCache.GetExtensionPaths: Added unfilterableExtensionPaths: 
TpTrace Information: 0 : 23924, 1, 2024/02/07, 22:46:04.391, 2914665145399, vstest.console.dll, AssemblyResolver.AddSearchDirectories: Adding more searchDirectories C:\Program Files\dotnet\sdk\8.0.101\Extensions,C:\Program Files\dotnet\sdk\8.0.101
TpTrace Verbose: 0 : 23924, 1, 2024/02/07, 22:46:04.392, 2914665146430, vstest.console.dll, TestPluginCache.DiscoverTestExtensions: Discovering the extensions using extension path.
TpTrace Verbose: 0 : 23924, 1, 2024/02/07, 22:46:04.392, 2914665147135, vstest.console.dll, TestPluginCache.GetExtensionPaths: Filtered extension paths: 
TpTrace Verbose: 0 : 23924, 1, 2024/02/07, 22:46:04.392, 2914665147812, vstest.console.dll, TestPluginCache.GetExtensionPaths: Added default extension paths: C:\Program Files\dotnet\sdk\8.0.101\Extensions\Microsoft.Diagnostics.NETCore.Client.dll
C:\Program Files\dotnet\sdk\8.0.101\Extensions\Microsoft.TestPlatform.Extensions.BlameDataCollector.dll
C:\Program Files\dotnet\sdk\8.0.101\Extensions\Microsoft.TestPlatform.Extensions.EventLogCollector.dll
C:\Program Files\dotnet\sdk\8.0.101\Extensions\Microsoft.TestPlatform.TestHostRuntimeProvider.dll
C:\Program Files\dotnet\sdk\8.0.101\Extensions\Microsoft.VisualStudio.TestPlatform.Extensions.Html.TestLogger.dll
C:\Program Files\dotnet\sdk\8.0.101\Extensions\Microsoft.VisualStudio.TestPlatform.Extensions.Trx.TestLogger.dll
TpTrace Verbose: 0 : 23924, 1, 2024/02/07, 22:46:04.392, 2914665148400, vstest.console.dll, TestPluginCache.GetExtensionPaths: Added unfilterableExtensionPaths: 
TpTrace Verbose: 0 : 23924, 1, 2024/02/07, 22:46:04.392, 2914665149255, vstest.console.dll, TestPluginCache.DiscoverTestExtensions: Discovering the extensions using allExtensionPaths: C:\Program Files\dotnet\sdk\8.0.101\Extensions\Microsoft.Diagnostics.NETCore.Client.dll
C:\Program Files\dotnet\sdk\8.0.101\Extensions\Microsoft.TestPlatform.Extensions.BlameDataCollector.dll
C:\Program Files\dotnet\sdk\8.0.101\Extensions\Microsoft.TestPlatform.Extensions.EventLogCollector.dll
C:\Program Files\dotnet\sdk\8.0.101\Extensions\Microsoft.TestPlatform.TestHostRuntimeProvider.dll
C:\Program Files\dotnet\sdk\8.0.101\Extensions\Microsoft.VisualStudio.TestPlatform.Extensions.Html.TestLogger.dll
C:\Program Files\dotnet\sdk\8.0.101\Extensions\Microsoft.VisualStudio.TestPlatform.Extensions.Trx.TestLogger.dll
TpTrace Information: 0 : 23924, 1, 2024/02/07, 22:46:04.392, 2914665150364, vstest.console.dll, AssemblyResolver.AddSearchDirectories: Adding more searchDirectories C:\Program Files\dotnet\sdk\8.0.101\Extensions,C:\Program Files\dotnet\sdk\8.0.101
TpTrace Information: 0 : 23924, 1, 2024/02/07, 22:46:04.392, 2914665150814, vstest.console.dll, AssemblyResolver.AddSearchDirectories: Adding more searchDirectories C:\Program Files\dotnet\sdk\8.0.101\Extensions,C:\Program Files\dotnet\sdk\8.0.101
TpTrace Information: 0 : 23924, 1, 2024/02/07, 22:46:04.392, 2914665151181, vstest.console.dll, AssemblyResolver.AddSearchDirectories: Adding more searchDirectories C:\Program Files\dotnet\sdk\8.0.101\Extensions,C:\Program Files\dotnet\sdk\8.0.101
TpTrace Information: 0 : 23924, 1, 2024/02/07, 22:46:04.392, 2914665151453, vstest.console.dll, AssemblyResolver.AddSearchDirectories: Adding more searchDirectories C:\Program Files\dotnet\sdk\8.0.101\Extensions,C:\Program Files\dotnet\sdk\8.0.101
TpTrace Information: 0 : 23924, 1, 2024/02/07, 22:46:04.392, 2914665151782, vstest.console.dll, AssemblyResolver.AddSearchDirectories: Adding more searchDirectories C:\Program Files\dotnet\sdk\8.0.101\Extensions,C:\Program Files\dotnet\sdk\8.0.101
TpTrace Information: 0 : 23924, 1, 2024/02/07, 22:46:04.392, 2914665152113, vstest.console.dll, AssemblyResolver.AddSearchDirectories: Adding more searchDirectories C:\Program Files\dotnet\sdk\8.0.101\Extensions,C:\Program Files\dotnet\sdk\8.0.101
TpTrace Verbose: 0 : 23924, 1, 2024/02/07, 22:46:04.392, 2914665153323, vstest.console.dll, MetadataReaderExtensionsHelper: Discovering extensions inside assembly 'Microsoft.Diagnostics.NETCore.Client, Version=0.2.8.21101, Culture=neutral, PublicKeyToken=31bf3856ad364e35' file path 'C:\Program Files\dotnet\sdk\8.0.101\Extensions\Microsoft.Diagnostics.NETCore.Client.dll'
TpTrace Information: 0 : 23924, 1, 2024/02/07, 22:46:04.394, 2914665171401, vstest.console.dll, AssemblyResolver.OnResolve: Microsoft.Bcl.AsyncInterfaces: Resolving assembly.
TpTrace Information: 0 : 23924, 1, 2024/02/07, 22:46:04.394, 2914665172515, vstest.console.dll, AssemblyResolver.OnResolve: Microsoft.Bcl.AsyncInterfaces: Resolved from cache.
TpTrace Verbose: 0 : 23924, 1, 2024/02/07, 22:46:04.394, 2914665172987, vstest.console.dll, CurrentDomainAssemblyResolve: Resolving assembly 'Microsoft.Bcl.AsyncInterfaces'.
TpTrace Information: 0 : 23924, 1, 2024/02/07, 22:46:04.394, 2914665174992, vstest.console.dll, AssemblyResolver.OnResolve: Microsoft.Bcl.AsyncInterfaces: Resolving assembly.
TpTrace Information: 0 : 23924, 1, 2024/02/07, 22:46:04.394, 2914665175673, vstest.console.dll, AssemblyResolver.OnResolve: Microsoft.Bcl.AsyncInterfaces: Resolved from cache.
TpTrace Verbose: 0 : 23924, 1, 2024/02/07, 22:46:04.395, 2914665176268, vstest.console.dll, CurrentDomainAssemblyResolve: Resolving assembly 'Microsoft.Bcl.AsyncInterfaces'.
TpTrace Verbose: 0 : 23924, 1, 2024/02/07, 22:46:04.395, 2914665176837, vstest.console.dll, CurrentDomainAssemblyResolve: Failed to resolve assembly 'Microsoft.Bcl.AsyncInterfaces'.
TpTrace Verbose: 0 : 23924, 1, 2024/02/07, 22:46:04.395, 2914665179681, vstest.console.dll, CurrentDomainAssemblyResolve: Failed to resolve assembly 'Microsoft.Bcl.AsyncInterfaces'.
TpTrace Warning: 0 : 23924, 1, 2024/02/07, 22:46:04.395, 2914665184243, vstest.console.dll, TestPluginDiscoverer: Failed to get types from assembly 'Microsoft.Diagnostics.NETCore.Client, Version=0.2.8.21101, Culture=neutral, PublicKeyToken=31bf3856ad364e35'. Error: System.Reflection.ReflectionTypeLoadException: Unable to load one or more of the requested types.
Could not load file or assembly 'Microsoft.Bcl.AsyncInterfaces, Version=1.0.0.0, Culture=neutral, PublicKeyToken=cc7b13ffcd2ddd51'. The system cannot find the file specified.
   at System.Reflection.RuntimeModule.GetTypes(RuntimeModule module)
   at System.Reflection.RuntimeModule.GetTypes()
   at Microsoft.VisualStudio.TestPlatform.Common.ExtensionFramework.TestPluginDiscoverer.GetTestExtensionsFromAssembly[TPluginInfo,TExtension](Assembly assembly, Dictionary`2 pluginInfos, String filePath) in /_/src/Microsoft.TestPlatform.Common/ExtensionFramework/TestPluginDiscoverer.cs:line 158
System.IO.FileNotFoundException: Could not load file or assembly 'Microsoft.Bcl.AsyncInterfaces, Version=1.0.0.0, Culture=neutral, PublicKeyToken=cc7b13ffcd2ddd51'. The system cannot find the file specified.
File name: 'Microsoft.Bcl.AsyncInterfaces, Version=1.0.0.0, Culture=neutral, PublicKeyToken=cc7b13ffcd2ddd51'
 ---> System.IO.FileNotFoundException: Could not load file or assembly 'Microsoft.Bcl.AsyncInterfaces, Culture=neutral, PublicKeyToken=null'. The system cannot find the file specified.
File name: 'Microsoft.Bcl.AsyncInterfaces, Culture=neutral, PublicKeyToken=null'
   at System.Reflection.RuntimeAssembly.InternalLoad(AssemblyName assemblyName, StackCrawlMark& stackMark, AssemblyLoadContext assemblyLoadContext, RuntimeAssembly requestingAssembly, Boolean throwOnFileNotFound)
   at System.Reflection.Assembly.Load(AssemblyName assemblyRef)
   at Microsoft.VisualStudio.TestPlatform.Common.ExtensionFramework.TestPluginCache.CurrentDomainAssemblyResolve(Object sender, AssemblyResolveEventArgs args) in /_/src/Microsoft.TestPlatform.Common/ExtensionFramework/TestPluginCache.cs:line 513
   at System.Runtime.Loader.AssemblyLoadContext.GetFirstResolvedAssemblyFromResolvingEvent(AssemblyName assemblyName)
   at System.Runtime.Loader.AssemblyLoadContext.ResolveUsingEvent(AssemblyName assemblyName)
   at System.Runtime.Loader.AssemblyLoadContext.ResolveUsingResolvingEvent(IntPtr gchManagedAssemblyLoadContext, AssemblyName assemblyName)
TpTrace Warning: 0 : 23924, 1, 2024/02/07, 22:46:04.396, 2914665186290, vstest.console.dll, LoaderExceptions: System.IO.FileNotFoundException: Could not load file or assembly 'Microsoft.Bcl.AsyncInterfaces, Version=1.0.0.0, Culture=neutral, PublicKeyToken=cc7b13ffcd2ddd51'. The system cannot find the file specified.
File name: 'Microsoft.Bcl.AsyncInterfaces, Version=1.0.0.0, Culture=neutral, PublicKeyToken=cc7b13ffcd2ddd51'
 ---> System.IO.FileNotFoundException: Could not load file or assembly 'Microsoft.Bcl.AsyncInterfaces, Culture=neutral, PublicKeyToken=null'. The system cannot find the file specified.
File name: 'Microsoft.Bcl.AsyncInterfaces, Culture=neutral, PublicKeyToken=null'
   at System.Reflection.RuntimeAssembly.InternalLoad(AssemblyName assemblyName, StackCrawlMark& stackMark, AssemblyLoadContext assemblyLoadContext, RuntimeAssembly requestingAssembly, Boolean throwOnFileNotFound)
   at System.Reflection.Assembly.Load(AssemblyName assemblyRef)
   at Microsoft.VisualStudio.TestPlatform.Common.ExtensionFramework.TestPluginCache.CurrentDomainAssemblyResolve(Object sender, AssemblyResolveEventArgs args) in /_/src/Microsoft.TestPlatform.Common/ExtensionFramework/TestPluginCache.cs:line 513
   at System.Runtime.Loader.AssemblyLoadContext.GetFirstResolvedAssemblyFromResolvingEvent(AssemblyName assemblyName)
   at System.Runtime.Loader.AssemblyLoadContext.ResolveUsingEvent(AssemblyName assemblyName)
   at System.Runtime.Loader.AssemblyLoadContext.ResolveUsingResolvingEvent(IntPtr gchManagedAssemblyLoadContext, AssemblyName assemblyName)
TpTrace Verbose: 0 : 23924, 1, 2024/02/07, 22:46:04.396, 2914665187050, vstest.console.dll, MetadataReaderExtensionsHelper: Discovering extensions inside assembly 'Microsoft.TestPlatform.Extensions.BlameDataCollector, Version=15.0.0.0, Culture=neutral, PublicKeyToken=b03f5f7f11d50a3a' file path 'C:\Program Files\dotnet\sdk\8.0.101\Extensions\Microsoft.TestPlatform.Extensions.BlameDataCollector.dll'
TpTrace Information: 0 : 23924, 1, 2024/02/07, 22:46:04.397, 2914665200593, vstest.console.dll, GetTestExtensionFromType: Register extension with identifier data 'logger://Microsoft/TestPlatform/Extensions/Blame/v1' and type 'Microsoft.TestPlatform.Extensions.BlameDataCollector.BlameLogger, Microsoft.TestPlatform.Extensions.BlameDataCollector, Version=15.0.0.0, Culture=neutral, PublicKeyToken=b03f5f7f11d50a3a' inside file 'C:\Program Files\dotnet\sdk\8.0.101\Extensions\Microsoft.TestPlatform.Extensions.BlameDataCollector.dll'
TpTrace Verbose: 0 : 23924, 1, 2024/02/07, 22:46:04.397, 2914665202734, vstest.console.dll, MetadataReaderExtensionsHelper: Discovering extensions inside assembly 'Microsoft.TestPlatform.Extensions.EventLogCollector, Version=15.0.0.0, Culture=neutral, PublicKeyToken=b03f5f7f11d50a3a' file path 'C:\Program Files\dotnet\sdk\8.0.101\Extensions\Microsoft.TestPlatform.Extensions.EventLogCollector.dll'
TpTrace Verbose: 0 : 23924, 1, 2024/02/07, 22:46:04.398, 2914665214043, vstest.console.dll, MetadataReaderExtensionsHelper: Discovering extensions inside assembly 'Microsoft.TestPlatform.TestHostRuntimeProvider, Version=15.0.0.0, Culture=neutral, PublicKeyToken=b03f5f7f11d50a3a' file path 'C:\Program Files\dotnet\sdk\8.0.101\Extensions\Microsoft.TestPlatform.TestHostRuntimeProvider.dll'
TpTrace Verbose: 0 : 23924, 1, 2024/02/07, 22:46:04.399, 2914665226186, vstest.console.dll, MetadataReaderExtensionsHelper: Discovering extensions inside assembly 'Microsoft.VisualStudio.TestPlatform.Extensions.Html.TestLogger, Version=15.0.0.0, Culture=neutral, PublicKeyToken=b03f5f7f11d50a3a' file path 'C:\Program Files\dotnet\sdk\8.0.101\Extensions\Microsoft.VisualStudio.TestPlatform.Extensions.Html.TestLogger.dll'
TpTrace Information: 0 : 23924, 1, 2024/02/07, 22:46:04.401, 2914665237473, vstest.console.dll, GetTestExtensionFromType: Register extension with identifier data 'logger://Microsoft/TestPlatform/HtmlLogger/v1' and type 'Microsoft.VisualStudio.TestPlatform.Extensions.HtmlLogger.HtmlLogger, Microsoft.VisualStudio.TestPlatform.Extensions.Html.TestLogger, Version=15.0.0.0, Culture=neutral, PublicKeyToken=b03f5f7f11d50a3a' inside file 'C:\Program Files\dotnet\sdk\8.0.101\Extensions\Microsoft.VisualStudio.TestPlatform.Extensions.Html.TestLogger.dll'
TpTrace Verbose: 0 : 23924, 1, 2024/02/07, 22:46:04.401, 2914665238700, vstest.console.dll, MetadataReaderExtensionsHelper: Discovering extensions inside assembly 'Microsoft.VisualStudio.TestPlatform.Extensions.Trx.TestLogger, Version=15.0.0.0, Culture=neutral, PublicKeyToken=b03f5f7f11d50a3a' file path 'C:\Program Files\dotnet\sdk\8.0.101\Extensions\Microsoft.VisualStudio.TestPlatform.Extensions.Trx.TestLogger.dll'
TpTrace Information: 0 : 23924, 1, 2024/02/07, 22:46:04.402, 2914665248314, vstest.console.dll, GetTestExtensionFromType: Register extension with identifier data 'logger://Microsoft/TestPlatform/TrxLogger/v1' and type 'Microsoft.VisualStudio.TestPlatform.Extensions.TrxLogger.TrxLogger, Microsoft.VisualStudio.TestPlatform.Extensions.Trx.TestLogger, Version=15.0.0.0, Culture=neutral, PublicKeyToken=b03f5f7f11d50a3a' inside file 'C:\Program Files\dotnet\sdk\8.0.101\Extensions\Microsoft.VisualStudio.TestPlatform.Extensions.Trx.TestLogger.dll'
TpTrace Verbose: 0 : 23924, 1, 2024/02/07, 22:46:04.402, 2914665249921, vstest.console.dll, TestPluginCache: Discovered the extensions using extension path ''.
TpTrace Verbose: 0 : 23924, 1, 2024/02/07, 22:46:04.402, 2914665250323, vstest.console.dll, TestPluginCache: Discoverers are ''.
TpTrace Verbose: 0 : 23924, 1, 2024/02/07, 22:46:04.402, 2914665250584, vstest.console.dll, TestPluginCache: Executors are ''.
TpTrace Verbose: 0 : 23924, 1, 2024/02/07, 22:46:04.402, 2914665250822, vstest.console.dll, TestPluginCache: Executors2 are ''.
TpTrace Verbose: 0 : 23924, 1, 2024/02/07, 22:46:04.402, 2914665251096, vstest.console.dll, TestPluginCache: Setting providers are ''.
TpTrace Verbose: 0 : 23924, 1, 2024/02/07, 22:46:04.402, 2914665251765, vstest.console.dll, TestPluginCache: Loggers are 'logger://Microsoft/TestPlatform/Extensions/Blame/v1,logger://Microsoft/TestPlatform/HtmlLogger/v1,logger://Microsoft/TestPlatform/TrxLogger/v1'.
TpTrace Verbose: 0 : 23924, 1, 2024/02/07, 22:46:04.402, 2914665252159, vstest.console.dll, TestPluginCache: TestHosts are 'HostProvider://DefaultTestHost,HostProvider://DotnetTestHost'.
TpTrace Verbose: 0 : 23924, 1, 2024/02/07, 22:46:04.402, 2914665252446, vstest.console.dll, TestPluginCache: DataCollectors are ''.
TpTrace Information: 0 : 23924, 1, 2024/02/07, 22:46:04.403, 2914665259895, vstest.console.dll, TestPluginManager.CreateTestExtension: Attempting to load test extension: Microsoft.TestPlatform.Extensions.BlameDataCollector.BlameLogger
TpTrace Verbose: 0 : 23924, 1, 2024/02/07, 22:46:04.441, 2914665644233, vstest.console.dll, TestEngine: Initializing Parallel Execution as MaxCpuCount is set to: 1
TpTrace Information: 0 : 23924, 1, 2024/02/07, 22:46:04.443, 2914665658186, vstest.console.dll, TestPluginManager.CreateTestExtension: Attempting to load test extension: Microsoft.VisualStudio.TestPlatform.CrossPlatEngine.Hosting.DefaultTestHostManager
TpTrace Information: 0 : 23924, 1, 2024/02/07, 22:46:04.445, 2914665682510, vstest.console.dll, TestPluginManager.CreateTestExtension: Attempting to load test extension: Microsoft.VisualStudio.TestPlatform.CrossPlatEngine.Hosting.DotnetTestHostManager
TpTrace Information: 0 : 23924, 1, 2024/02/07, 22:46:04.446, 2914665687893, vstest.console.dll, InferRunSettingsHelper.IsTestSettingsEnabled: Unable to navigate to RunSettings/MSTest. Current node: RunSettings
TpTrace Verbose: 0 : 23924, 1, 2024/02/07, 22:46:04.447, 2914665703843, vstest.console.dll, ParallelOperationManager.ClearSlots: Clearing all slots. Slots should accept more work: True
TpTrace Verbose: 0 : 23924, 1, 2024/02/07, 22:46:04.448, 2914665708826, vstest.console.dll, ParallelOperationManager.SetOccupiedSlotCount: Setting slot counts AvailableSlotCount = 1, OccupiedSlotCount = 0.
TpTrace Verbose: 0 : 23924, 1, 2024/02/07, 22:46:04.448, 2914665711214, vstest.console.dll, Occupied slots:

TpTrace Verbose: 0 : 23924, 1, 2024/02/07, 22:46:04.450, 2914665735529, vstest.console.dll, TestEngine.GetExecutionManager: Chosen execution manager 'Microsoft.VisualStudio.TestPlatform.CrossPlatEngine.Client.Parallel.ParallelProxyExecutionManager, Microsoft.TestPlatform.CrossPlatEngine, Version=15.0.0.0, Culture=neutral, PublicKeyToken=b03f5f7f11d50a3a' ParallelLevel '1'.
TpTrace Verbose: 0 : 23924, 1, 2024/02/07, 22:46:04.451, 2914665737320, vstest.console.dll, TestRunRequest.ExecuteAsync: Creating test run request.
TpTrace Verbose: 0 : 23924, 1, 2024/02/07, 22:46:04.451, 2914665739276, vstest.console.dll, TestRunRequest.ExecuteAsync: Starting.
TpTrace Information: 0 : 23924, 1, 2024/02/07, 22:46:04.452, 2914665748366, vstest.console.dll, TestRunRequest.ExecuteAsync: Starting run with settings:TestRunCriteria:
   KeepAlive=False,FrequencyOfRunStatsChangeEvent=10,RunStatsChangeEventTimeout=00:00:01.5000000,TestCaseFilter=,TestExecutorLauncher=
   Settingsxml=<RunSettings>
  <RunConfiguration>
    <ResultsDirectory>C:\Users\leonardo.alves\Documents\Estudos\NlwExpert-Csharp\RocketSeatAuction\tests\UseCase.Test\bin\Debug\net8.0\fine-code-coverage\coverage-tool-output</ResultsDirectory>
    <TargetPlatform>X64</TargetPlatform>
    <TargetFrameworkVersion>.NETCoreApp,Version=v8.0</TargetFrameworkVersion>
    <DesignMode>False</DesignMode>
    <CollectSourceInformation>False</CollectSourceInformation>
  </RunConfiguration>
  <LoggerRunSettings>
    <Loggers>
      <Logger friendlyName="blame" enabled="True" />
      <Logger friendlyName="Console" uri="logger://microsoft/TestPlatform/ConsoleLogger/v1" assemblyQualifiedName="Microsoft.VisualStudio.TestPlatform.CommandLine.Internal.ConsoleLogger, vstest.console, Version=15.0.0.0, Culture=neutral, PublicKeyToken=b03f5f7f11d50a3a" codeBase="C:\Program Files\dotnet\sdk\8.0.101\vstest.console.dll" enabled="True" />
    </Loggers>
  </LoggerRunSettings>
  <DataCollectionRunSettings>
    <DataCollectors>
      <DataCollector friendlyName="blame" enabled="True">
        <Configuration>
          <ResultsDirectory>C:\Users\leonardo.alves\Documents\Estudos\NlwExpert-Csharp\RocketSeatAuction\tests\UseCase.Test\bin\Debug\net8.0\fine-code-coverage\coverage-tool-output</ResultsDirectory>
        </Configuration>
      </DataCollector>
    </DataCollectors>
  </DataCollectionRunSettings>
</RunSettings>

TpTrace Verbose: 0 : 23924, 1, 2024/02/07, 22:46:04.453, 2914665761538, vstest.console.dll, TestRunRequest.ExecuteAsync: Wait for the first run request is over.
TpTrace Verbose: 0 : 23924, 1, 2024/02/07, 22:46:04.453, 2914665764784, vstest.console.dll, MulticastDelegateUtilities.SafeInvoke: TestRun.TestRunStart: Invoking callbacks was skipped because there are no subscribers.
TpTrace Verbose: 0 : 23924, 4, 2024/02/07, 22:46:04.454, 2914665766600, vstest.console.dll, MulticastDelegateUtilities.SafeInvoke: InternalTestLoggerEvents.SendTestRunStart: Invoking callback 1/1 for Microsoft.VisualStudio.TestPlatform.CommandLine.Internal.ConsoleLogger., took 0 ms.
TpTrace Verbose: 0 : 23924, 1, 2024/02/07, 22:46:04.454, 2914665774364, vstest.console.dll, ParallelProxyExecutionManager: Start execution. Total sources: 1
TpTrace Verbose: 0 : 23924, 1, 2024/02/07, 22:46:04.455, 2914665777386, vstest.console.dll, ParallelOperationManager.StartWork: Starting adding 1 workloads.
TpTrace Verbose: 0 : 23924, 1, 2024/02/07, 22:46:04.455, 2914665778150, vstest.console.dll, ParallelOperationManager.ClearSlots: Clearing all slots. Slots should accept more work: True
TpTrace Verbose: 0 : 23924, 1, 2024/02/07, 22:46:04.455, 2914665778801, vstest.console.dll, ParallelOperationManager.SetOccupiedSlotCount: Setting slot counts AvailableSlotCount = 1, OccupiedSlotCount = 0.
TpTrace Verbose: 0 : 23924, 1, 2024/02/07, 22:46:04.455, 2914665779164, vstest.console.dll, Occupied slots:

TpTrace Verbose: 0 : 23924, 1, 2024/02/07, 22:46:04.456, 2914665789701, vstest.console.dll, TestRequestSender is acting as server.
TpTrace Verbose: 0 : 23924, 1, 2024/02/07, 22:46:04.457, 2914665803895, vstest.console.dll, ParallelOperationManager.RunWorkInParallel: Adding 1 workload to slot, remaining workloads 0.
TpTrace Verbose: 0 : 23924, 1, 2024/02/07, 22:46:04.457, 2914665805537, vstest.console.dll, ParallelOperationManager.SetOccupiedSlotCount: Setting slot counts AvailableSlotCount = 0, OccupiedSlotCount = 1.
TpTrace Verbose: 0 : 23924, 1, 2024/02/07, 22:46:04.458, 2914665807009, vstest.console.dll, Occupied slots:
0: C:\Users\leonardo.alves\Documents\Estudos\NlwExpert-Csharp\RocketSeatAuction\tests\UseCase.Test\bin\Debug\net8.0\fine-code-coverage\build-output\UseCase.Test.dll
TpTrace Verbose: 0 : 23924, 1, 2024/02/07, 22:46:04.458, 2914665816064, vstest.console.dll, ParallelOperationManager.RunWorkInParallel: Started host in slot number 0 for work (source): C:\Users\leonardo.alves\Documents\Estudos\NlwExpert-Csharp\RocketSeatAuction\tests\UseCase.Test\bin\Debug\net8.0\fine-code-coverage\build-output\UseCase.Test.dll.
TpTrace Verbose: 0 : 23924, 1, 2024/02/07, 22:46:04.460, 2914665826348, vstest.console.dll, ParallelOperationManager.RunWorkInParallel: We started 1 work items, which is the max parallel level. Won't start more work.
TpTrace Verbose: 0 : 23924, 1, 2024/02/07, 22:46:04.460, 2914665827722, vstest.console.dll, ParallelOperationManager.RunWorkInParallel: We started 1 work items in here, returning True.
TpTrace Information: 0 : 23924, 1, 2024/02/07, 22:46:04.460, 2914665828172, vstest.console.dll, TestRunRequest.ExecuteAsync: Started.
TpTrace Verbose: 0 : 23924, 5, 2024/02/07, 22:46:04.460, 2914665829138, vstest.console.dll, ParallelProxyExecutionManager.StartTestRunOnConcurrentManager: Initializing uninitialized client. Started clients: 0
TpTrace Verbose: 0 : 23924, 5, 2024/02/07, 22:46:04.460, 2914665830664, vstest.console.dll, DataCollectionRequestSender.InitializeCommunication : Initialize communication. 
TpTrace Verbose: 0 : 23924, 1, 2024/02/07, 22:46:04.460, 2914665832802, vstest.console.dll, TestRunRequest.WaitForCompletion: Waiting with timeout -1.
TpTrace Information: 0 : 23924, 5, 2024/02/07, 22:46:04.470, 2914665927955, vstest.console.dll, Listening on Endpoint : 127.0.0.1:54524
TpTrace Verbose: 0 : 23924, 5, 2024/02/07, 22:46:04.479, 2914666020689, vstest.console.dll, DotnetDataCollectionLauncher: Adding  --runtimeconfig "C:\Program Files\dotnet\sdk\8.0.101\datacollector.runtimeconfig.json" in args
TpTrace Verbose: 0 : 23924, 5, 2024/02/07, 22:46:04.480, 2914666029003, vstest.console.dll, DotnetDataCollectionLauncher: Adding  --depsfile "C:\Program Files\dotnet\sdk\8.0.101\datacollector.deps.json" in args
TpTrace Verbose: 0 : 23924, 5, 2024/02/07, 22:46:04.481, 2914666037947, vstest.console.dll, DotnetDataCollectionLauncher: Full path of dotnet.exe is C:\Program Files\dotnet\dotnet.exe
TpTrace Information: 0 : 23924, 5, 2024/02/07, 22:46:04.490, 2914666134903, vstest.console.dll, ProxyDataCollectionManager.Initialize: Launched datacollector processId: 13556 port: 54524
TpTrace Information: 0 : 23924, 5, 2024/02/07, 22:46:04.491, 2914666136815, vstest.console.dll, ProxyDataCollectionManager.Initialize: waiting for connection with timeout: 90 seconds
TpTrace Verbose: 0 : 23924, 5, 2024/02/07, 22:46:04.491, 2914666137288, vstest.console.dll, DataCollectionRequestSender.WaitForRequestHandlerConnection : Waiting for connection with timeout: 90000
TpTrace Information: 0 : 23924, 7, 2024/02/07, 22:46:04.773, 2914668965263, vstest.console.dll, Using the buffer size of 16384 bytes
TpTrace Verbose: 0 : 23924, 5, 2024/02/07, 22:46:04.773, 2914668965514, vstest.console.dll, SocketCommunicationManager.WaitForClientConnection took: 282 ms, with 90000 ms timeout, and finished with True.
TpTrace Information: 0 : 23924, 7, 2024/02/07, 22:46:04.774, 2914668968298, vstest.console.dll, Accepted Client request and set the flag
TpTrace Verbose: 0 : 23924, 5, 2024/02/07, 22:46:04.774, 2914668969467, vstest.console.dll, ProxyDataCollectionManager.InvokeDataCollectionServiceAction: Starting.
TpTrace Information: 0 : 23924, 5, 2024/02/07, 22:46:04.774, 2914668972528, vstest.console.dll, ProxyDataCollectionManager.BeforeTestRunStart: Get environment variable and port for datacollector processId: 13556 port: 54524
TpTrace Verbose: 0 : 23924, 5, 2024/02/07, 22:46:04.774, 2914668973842, vstest.console.dll, DataCollectionRequestSender.SendBeforeTestRunStartAndGetResult: Send BeforeTestRunStart message with settingsXml <RunSettings><RunConfiguration><ResultsDirectory>C:\Users\leonardo.alves\Documents\Estudos\NlwExpert-Csharp\RocketSeatAuction\tests\UseCase.Test\bin\Debug\net8.0\fine-code-coverage\coverage-tool-output</ResultsDirectory><TargetPlatform>X64</TargetPlatform><TargetFrameworkVersion>.NETCoreApp,Version=v8.0</TargetFrameworkVersion><DesignMode>False</DesignMode><CollectSourceInformation>False</CollectSourceInformation><TestAdaptersPaths>C:\Program Files\dotnet\sdk\8.0.101\Extensions</TestAdaptersPaths></RunConfiguration><LoggerRunSettings><Loggers><Logger friendlyName="blame" enabled="True" /><Logger friendlyName="Console" uri="logger://microsoft/TestPlatform/ConsoleLogger/v1" assemblyQualifiedName="Microsoft.VisualStudio.TestPlatform.CommandLine.Internal.ConsoleLogger, vstest.console, Version=15.0.0.0, Culture=neutral, PublicKeyToken=b03f5f7f11d50a3a" codeBase="C:\Program Files\dotnet\sdk\8.0.101\vstest.console.dll" enabled="True" /></Loggers></LoggerRunSettings><DataCollectionRunSettings><DataCollectors><DataCollector friendlyName="blame" enabled="True"><Configuration><ResultsDirectory>C:\Users\leonardo.alves\Documents\Estudos\NlwExpert-Csharp\RocketSeatAuction\tests\UseCase.Test\bin\Debug\net8.0\fine-code-coverage\coverage-tool-output</ResultsDirectory></Configuration></DataCollector></DataCollectors></DataCollectionRunSettings></RunSettings> and sources System.Collections.Generic.List`1[System.String]: 
TpTrace Verbose: 0 : 23924, 5, 2024/02/07, 22:46:04.838, 2914669615508, vstest.console.dll, DataCollectionRequestSender.SendBeforeTestRunStartAndGetResult: Received message: (DataCollection.SendMessage) -> {"MessageType":"DataCollection.SendMessage","Payload":{"FriendlyName":null,"Uri":null,"TestCaseId":"00000000-0000-0000-0000-000000000000","Message":"Logging DataCollector Diagnostics in file: C:\\Users\\leonardo.alves\\Documents\\Estudos\\NlwExpert-Csharp\\RocketSeatAuction\\tests\\UseCase.Test\\bin\\Debug\\net8.0\\fine-code-coverage\\coverage-tool-output\\diagnostics.datacollector.24-02-07_22-46-04_47745_5.log","Level":0}}
TpTrace Verbose: 0 : 23924, 5, 2024/02/07, 22:46:04.947, 2914670705132, vstest.console.dll, DataCollectionRequestSender.SendBeforeTestRunStartAndGetResult: Received message: (DataCollection.BeforeTestRunStartResult) -> {"MessageType":"DataCollection.BeforeTestRunStartResult","Payload":{"EnvironmentVariables":{},"DataCollectionEventsPort":54526}}
TpTrace Information: 0 : 23924, 5, 2024/02/07, 22:46:04.952, 2914670747223, vstest.console.dll, ProxyDataCollectionManager.BeforeTestRunStart: SendBeforeTestRunStartAndGetResult successful, env variable from datacollector:   and testhost port: 54526
TpTrace Information: 0 : 23924, 5, 2024/02/07, 22:46:04.952, 2914670748726, vstest.console.dll, ProxyDataCollectionManager.InvokeDataCollectionServiceAction: Completed.
TpTrace Verbose: 0 : 23924, 5, 2024/02/07, 22:46:04.952, 2914670749232, vstest.console.dll, ParallelProxyExecutionManager.StartTestRunOnConcurrentManager: Initializing test run. Started clients: 0
TpTrace Verbose: 0 : 23924, 5, 2024/02/07, 22:46:04.952, 2914670750079, vstest.console.dll, ProxyExecutionManager: Test host is always Lazy initialize.
TpTrace Verbose: 0 : 23924, 5, 2024/02/07, 22:46:04.952, 2914670751879, vstest.console.dll, TestRequestSender.InitializeCommunication: initialize communication. 
TpTrace Information: 0 : 23924, 5, 2024/02/07, 22:46:04.953, 2914670756543, vstest.console.dll, SocketServer.Start: Listening on endpoint : 127.0.0.1:54527
TpTrace Verbose: 0 : 23924, 5, 2024/02/07, 22:46:04.953, 2914670762784, vstest.console.dll, DotnetTestHostmanager.GetTestHostProcessStartInfo: Platform environment 'X64' target architecture 'X64' framework '.NETCoreApp,Version=v8.0' OS 'Windows'
TpTrace Verbose: 0 : 23924, 5, 2024/02/07, 22:46:04.953, 2914670765552, vstest.console.dll, DotnetTestHostmanager: Adding  --runtimeconfig "C:\Users\leonardo.alves\Documents\Estudos\NlwExpert-Csharp\RocketSeatAuction\tests\UseCase.Test\bin\Debug\net8.0\fine-code-coverage\build-output\UseCase.Test.runtimeconfig.json" in args
TpTrace Verbose: 0 : 23924, 5, 2024/02/07, 22:46:04.954, 2914670766725, vstest.console.dll, DotnetTestHostmanager: Adding  --depsfile "C:\Users\leonardo.alves\Documents\Estudos\NlwExpert-Csharp\RocketSeatAuction\tests\UseCase.Test\bin\Debug\net8.0\fine-code-coverage\build-output\UseCase.Test.deps.json" in args
TpTrace Verbose: 0 : 23924, 5, 2024/02/07, 22:46:04.954, 2914670769809, vstest.console.dll, DotnetTestHostmanager.IsWinOnArm: Current PROCESSOR_ARCHITECTURE from environment variable 'AMD64'
TpTrace Verbose: 0 : 23924, 5, 2024/02/07, 22:46:04.954, 2914670770572, vstest.console.dll, DotnetTestHostmanager.IsWinOnArm: Is Windows on ARM 'False'
TpTrace Verbose: 0 : 23924, 5, 2024/02/07, 22:46:04.954, 2914670771877, vstest.console.dll, DotnetTestHostManager: testhost.exe found at path: C:\Users\leonardo.alves\Documents\Estudos\NlwExpert-Csharp\RocketSeatAuction\tests\UseCase.Test\bin\Debug\net8.0\fine-code-coverage\build-output\testhost.exe
TpTrace Verbose: 0 : 23924, 5, 2024/02/07, 22:46:04.954, 2914670772337, vstest.console.dll, DotnetTestHostmanager: Full path of host exe is C:\Users\leonardo.alves\Documents\Estudos\NlwExpert-Csharp\RocketSeatAuction\tests\UseCase.Test\bin\Debug\net8.0\fine-code-coverage\build-output\testhost.exe
TpTrace Verbose: 0 : 23924, 5, 2024/02/07, 22:46:04.954, 2914670773588, vstest.console.dll, DotnetTestHostmanager.LaunchTestHostAsync: Found 'VSTEST_WINAPPHOST_DOTNET_ROOT' in env variables, value 'C:\Program Files\dotnet', forwarding to 'DOTNET_ROOT'
TpTrace Verbose: 0 : 23924, 5, 2024/02/07, 22:46:04.954, 2914670775075, vstest.console.dll, DotnetTestHostManager: Starting process 'C:\Users\leonardo.alves\Documents\Estudos\NlwExpert-Csharp\RocketSeatAuction\tests\UseCase.Test\bin\Debug\net8.0\fine-code-coverage\build-output\testhost.exe' with command line ' --runtimeconfig "C:\Users\leonardo.alves\Documents\Estudos\NlwExpert-Csharp\RocketSeatAuction\tests\UseCase.Test\bin\Debug\net8.0\fine-code-coverage\build-output\UseCase.Test.runtimeconfig.json" --depsfile "C:\Users\leonardo.alves\Documents\Estudos\NlwExpert-Csharp\RocketSeatAuction\tests\UseCase.Test\bin\Debug\net8.0\fine-code-coverage\build-output\UseCase.Test.deps.json" --port 54527 --endpoint 127.0.0.1:054527 --role client --parentprocessid 23924 --diag "C:\Users\leonardo.alves\Documents\Estudos\NlwExpert-Csharp\RocketSeatAuction\tests\UseCase.Test\bin\Debug\net8.0\fine-code-coverage\coverage-tool-output\diagnostics.host.24-02-07_22-46-04_95336_5.log" --tracelevel 4 --datacollectionport 54526 --telemetryoptedin false'
TpTrace Verbose: 0 : 23924, 5, 2024/02/07, 22:46:04.972, 2914670956014, vstest.console.dll, MulticastDelegateUtilities.SafeInvoke: HostProviderEvents.OnHostLaunched: Invoking callback 1/2 for Microsoft.VisualStudio.TestPlatform.CrossPlatEngine.Client.ProxyExecutionManagerWithDataCollection., took 0 ms.
TpTrace Verbose: 0 : 23924, 5, 2024/02/07, 22:46:04.973, 2914670959804, vstest.console.dll, Test Runtime launched
TpTrace Verbose: 0 : 23924, 5, 2024/02/07, 22:46:04.973, 2914670960776, vstest.console.dll, MulticastDelegateUtilities.SafeInvoke: HostProviderEvents.OnHostLaunched: Invoking callback 2/2 for Microsoft.VisualStudio.TestPlatform.CrossPlatEngine.Client.ProxyOperationManager., took 0 ms.
TpTrace Verbose: 0 : 23924, 5, 2024/02/07, 22:46:04.973, 2914670961926, vstest.console.dll, TestRequestSender.WaitForRequestHandlerConnection: waiting for connection with timeout: 90000.
TpTrace Verbose: 0 : 23924, 5, 2024/02/07, 22:46:05.307, 2914674301299, vstest.console.dll, TestRequestSender.WaitForRequestHandlerConnection: waiting took 333 ms, with timeout 90000 ms, and result 0, which is success.
TpTrace Verbose: 0 : 23924, 7, 2024/02/07, 22:46:05.307, 2914674301294, vstest.console.dll, MulticastDelegateUtilities.SafeInvoke: SocketServer: ClientConnected: Invoking callback 1/1 for Microsoft.VisualStudio.TestPlatform.CommunicationUtilities.TestRequestSender., took 0 ms.
TpTrace Verbose: 0 : 23924, 7, 2024/02/07, 22:46:05.307, 2914674304296, vstest.console.dll, SocketServer.OnClientConnected: Client connected for endPoint: 127.0.0.1:54527, starting MessageLoopAsync:
TpTrace Verbose: 0 : 23924, 7, 2024/02/07, 22:46:05.308, 2914674310812, vstest.console.dll, TcpClientExtensions.MessageLoopAsync: Polling on remoteEndPoint: 127.0.0.1:54529 localEndPoint: 127.0.0.1:54527
TpTrace Verbose: 0 : 23924, 5, 2024/02/07, 22:46:05.309, 2914674317317, vstest.console.dll, TestRequestSender.CheckVersionWithTestHost: Sending check version message: {"MessageType":"ProtocolVersion","Payload":7}
TpTrace Verbose: 0 : 23924, 7, 2024/02/07, 22:46:05.420, 2914675435124, vstest.console.dll, TcpClientExtensions.MessageLoopAsync: NotifyDataAvailable remoteEndPoint: 127.0.0.1:54529 localEndPoint: 127.0.0.1:54527
TpTrace Verbose: 0 : 23924, 7, 2024/02/07, 22:46:05.421, 2914675437707, vstest.console.dll, TestRequestSender.CheckVersionWithTestHost: onMessageReceived received message: (ProtocolVersion) -> {"MessageType":"ProtocolVersion","Payload":7}
TpTrace Verbose: 0 : 23924, 7, 2024/02/07, 22:46:05.421, 2914675444648, vstest.console.dll, MulticastDelegateUtilities.SafeInvoke: LengthPrefixCommunicationChannel: MessageReceived: Invoking callback 1/1 for Microsoft.VisualStudio.TestPlatform.CommunicationUtilities.TestRequestSender+<>c__DisplayClass29_0., took 0 ms.
TpTrace Verbose: 0 : 23924, 5, 2024/02/07, 22:46:05.421, 2914675445443, vstest.console.dll, TestPluginCache.GetExtensionPaths: Filtered extension paths: 
TpTrace Verbose: 0 : 23924, 7, 2024/02/07, 22:46:05.422, 2914675446553, vstest.console.dll, TcpClientExtensions.MessageLoopAsync: Polling on remoteEndPoint: 127.0.0.1:54529 localEndPoint: 127.0.0.1:54527
TpTrace Verbose: 0 : 23924, 5, 2024/02/07, 22:46:05.422, 2914675448765, vstest.console.dll, TestPluginCache.GetExtensionPaths: Added default extension paths: C:\Program Files\dotnet\sdk\8.0.101\Extensions\Microsoft.Diagnostics.NETCore.Client.dll
C:\Program Files\dotnet\sdk\8.0.101\Extensions\Microsoft.TestPlatform.Extensions.BlameDataCollector.dll
C:\Program Files\dotnet\sdk\8.0.101\Extensions\Microsoft.TestPlatform.Extensions.EventLogCollector.dll
C:\Program Files\dotnet\sdk\8.0.101\Extensions\Microsoft.TestPlatform.TestHostRuntimeProvider.dll
C:\Program Files\dotnet\sdk\8.0.101\Extensions\Microsoft.VisualStudio.TestPlatform.Extensions.Html.TestLogger.dll
C:\Program Files\dotnet\sdk\8.0.101\Extensions\Microsoft.VisualStudio.TestPlatform.Extensions.Trx.TestLogger.dll
TpTrace Verbose: 0 : 23924, 5, 2024/02/07, 22:46:05.422, 2914675449623, vstest.console.dll, TestPluginCache.GetExtensionPaths: Added unfilterableExtensionPaths: 
TpTrace Verbose: 0 : 23924, 7, 2024/02/07, 22:46:05.426, 2914675487409, vstest.console.dll, TcpClientExtensions.MessageLoopAsync: NotifyDataAvailable remoteEndPoint: 127.0.0.1:54529 localEndPoint: 127.0.0.1:54527
TpTrace Verbose: 0 : 23924, 7, 2024/02/07, 22:46:05.426, 2914675489074, vstest.console.dll, LengthPrefixCommunicationChannel.NotifyDataAvailable: New data are waiting to be received, but there is no subscriber to be notified. Not reading them from the stream.
TpTrace Verbose: 0 : 23924, 7, 2024/02/07, 22:46:05.426, 2914675489500, vstest.console.dll, TcpClientExtensions.MessageLoopAsync: Polling on remoteEndPoint: 127.0.0.1:54529 localEndPoint: 127.0.0.1:54527
TpTrace Verbose: 0 : 23924, 7, 2024/02/07, 22:46:05.426, 2914675490131, vstest.console.dll, TcpClientExtensions.MessageLoopAsync: NotifyDataAvailable remoteEndPoint: 127.0.0.1:54529 localEndPoint: 127.0.0.1:54527
TpTrace Verbose: 0 : 23924, 7, 2024/02/07, 22:46:05.426, 2914675490421, vstest.console.dll, LengthPrefixCommunicationChannel.NotifyDataAvailable: New data are waiting to be received, but there is no subscriber to be notified. Not reading them from the stream.
TpTrace Verbose: 0 : 23924, 7, 2024/02/07, 22:46:05.426, 2914675490739, vstest.console.dll, TcpClientExtensions.MessageLoopAsync: Polling on remoteEndPoint: 127.0.0.1:54529 localEndPoint: 127.0.0.1:54527
TpTrace Verbose: 0 : 23924, 7, 2024/02/07, 22:46:05.426, 2914675491063, vstest.console.dll, TcpClientExtensions.MessageLoopAsync: NotifyDataAvailable remoteEndPoint: 127.0.0.1:54529 localEndPoint: 127.0.0.1:54527
TpTrace Verbose: 0 : 23924, 7, 2024/02/07, 22:46:05.426, 2914675491339, vstest.console.dll, LengthPrefixCommunicationChannel.NotifyDataAvailable: New data are waiting to be received, but there is no subscriber to be notified. Not reading them from the stream.
TpTrace Verbose: 0 : 23924, 7, 2024/02/07, 22:46:05.426, 2914675491728, vstest.console.dll, TcpClientExtensions.MessageLoopAsync: Polling on remoteEndPoint: 127.0.0.1:54529 localEndPoint: 127.0.0.1:54527
TpTrace Verbose: 0 : 23924, 7, 2024/02/07, 22:46:05.426, 2914675492075, vstest.console.dll, TcpClientExtensions.MessageLoopAsync: NotifyDataAvailable remoteEndPoint: 127.0.0.1:54529 localEndPoint: 127.0.0.1:54527
TpTrace Verbose: 0 : 23924, 7, 2024/02/07, 22:46:05.426, 2914675492363, vstest.console.dll, LengthPrefixCommunicationChannel.NotifyDataAvailable: New data are waiting to be received, but there is no subscriber to be notified. Not reading them from the stream.
TpTrace Verbose: 0 : 23924, 7, 2024/02/07, 22:46:05.426, 2914675492711, vstest.console.dll, TcpClientExtensions.MessageLoopAsync: Polling on remoteEndPoint: 127.0.0.1:54529 localEndPoint: 127.0.0.1:54527
TpTrace Verbose: 0 : 23924, 7, 2024/02/07, 22:46:05.426, 2914675493087, vstest.console.dll, TcpClientExtensions.MessageLoopAsync: NotifyDataAvailable remoteEndPoint: 127.0.0.1:54529 localEndPoint: 127.0.0.1:54527
TpTrace Verbose: 0 : 23924, 7, 2024/02/07, 22:46:05.426, 2914675493412, vstest.console.dll, LengthPrefixCommunicationChannel.NotifyDataAvailable: New data are waiting to be received, but there is no subscriber to be notified. Not reading them from the stream.
TpTrace Verbose: 0 : 23924, 7, 2024/02/07, 22:46:05.426, 2914675493783, vstest.console.dll, TcpClientExtensions.MessageLoopAsync: Polling on remoteEndPoint: 127.0.0.1:54529 localEndPoint: 127.0.0.1:54527
TpTrace Verbose: 0 : 23924, 7, 2024/02/07, 22:46:05.426, 2914675494145, vstest.console.dll, TcpClientExtensions.MessageLoopAsync: NotifyDataAvailable remoteEndPoint: 127.0.0.1:54529 localEndPoint: 127.0.0.1:54527
TpTrace Verbose: 0 : 23924, 7, 2024/02/07, 22:46:05.426, 2914675494439, vstest.console.dll, LengthPrefixCommunicationChannel.NotifyDataAvailable: New data are waiting to be received, but there is no subscriber to be notified. Not reading them from the stream.
TpTrace Verbose: 0 : 23924, 7, 2024/02/07, 22:46:05.426, 2914675494715, vstest.console.dll, TcpClientExtensions.MessageLoopAsync: Polling on remoteEndPoint: 127.0.0.1:54529 localEndPoint: 127.0.0.1:54527
TpTrace Verbose: 0 : 23924, 7, 2024/02/07, 22:46:05.426, 2914675495025, vstest.console.dll, TcpClientExtensions.MessageLoopAsync: NotifyDataAvailable remoteEndPoint: 127.0.0.1:54529 localEndPoint: 127.0.0.1:54527
TpTrace Verbose: 0 : 23924, 7, 2024/02/07, 22:46:05.426, 2914675495309, vstest.console.dll, LengthPrefixCommunicationChannel.NotifyDataAvailable: New data are waiting to be received, but there is no subscriber to be notified. Not reading them from the stream.
TpTrace Verbose: 0 : 23924, 7, 2024/02/07, 22:46:05.426, 2914675495588, vstest.console.dll, TcpClientExtensions.MessageLoopAsync: Polling on remoteEndPoint: 127.0.0.1:54529 localEndPoint: 127.0.0.1:54527
TpTrace Verbose: 0 : 23924, 7, 2024/02/07, 22:46:05.426, 2914675495893, vstest.console.dll, TcpClientExtensions.MessageLoopAsync: NotifyDataAvailable remoteEndPoint: 127.0.0.1:54529 localEndPoint: 127.0.0.1:54527
TpTrace Verbose: 0 : 23924, 5, 2024/02/07, 22:46:05.426, 2914675495866, vstest.console.dll, TestRequestSender.InitializeExecution: Sending initialize execution with message: {"Version":7,"MessageType":"TestExecution.Initialize","Payload":["C:\\Users\\leonardo.alves\\Documents\\Estudos\\NlwExpert-Csharp\\RocketSeatAuction\\tests\\UseCase.Test\\bin\\Debug\\net8.0\\fine-code-coverage\\build-output\\xunit.runner.visualstudio.dotnetcore.testadapter.dll"]}
TpTrace Verbose: 0 : 23924, 7, 2024/02/07, 22:46:05.427, 2914675498437, vstest.console.dll, LengthPrefixCommunicationChannel.NotifyDataAvailable: New data are waiting to be received, but there is no subscriber to be notified. Not reading them from the stream.
TpTrace Verbose: 0 : 23924, 7, 2024/02/07, 22:46:05.427, 2914675499699, vstest.console.dll, TcpClientExtensions.MessageLoopAsync: Polling on remoteEndPoint: 127.0.0.1:54529 localEndPoint: 127.0.0.1:54527
TpTrace Verbose: 0 : 23924, 5, 2024/02/07, 22:46:05.427, 2914675499966, vstest.console.dll, ParallelProxyExecutionManager.StartTestRunOnConcurrentManager: Execution starting. Started clients: 1
TpTrace Verbose: 0 : 23924, 7, 2024/02/07, 22:46:05.427, 2914675500216, vstest.console.dll, TcpClientExtensions.MessageLoopAsync: NotifyDataAvailable remoteEndPoint: 127.0.0.1:54529 localEndPoint: 127.0.0.1:54527
TpTrace Verbose: 0 : 23924, 7, 2024/02/07, 22:46:05.427, 2914675501290, vstest.console.dll, LengthPrefixCommunicationChannel.NotifyDataAvailable: New data are waiting to be received, but there is no subscriber to be notified. Not reading them from the stream.
TpTrace Verbose: 0 : 23924, 7, 2024/02/07, 22:46:05.427, 2914675501778, vstest.console.dll, TcpClientExtensions.MessageLoopAsync: Polling on remoteEndPoint: 127.0.0.1:54529 localEndPoint: 127.0.0.1:54527
TpTrace Verbose: 0 : 23924, 7, 2024/02/07, 22:46:05.427, 2914675502647, vstest.console.dll, TcpClientExtensions.MessageLoopAsync: NotifyDataAvailable remoteEndPoint: 127.0.0.1:54529 localEndPoint: 127.0.0.1:54527
TpTrace Verbose: 0 : 23924, 7, 2024/02/07, 22:46:05.427, 2914675503090, vstest.console.dll, LengthPrefixCommunicationChannel.NotifyDataAvailable: New data are waiting to be received, but there is no subscriber to be notified. Not reading them from the stream.
TpTrace Verbose: 0 : 23924, 7, 2024/02/07, 22:46:05.427, 2914675503541, vstest.console.dll, TcpClientExtensions.MessageLoopAsync: Polling on remoteEndPoint: 127.0.0.1:54529 localEndPoint: 127.0.0.1:54527
TpTrace Verbose: 0 : 23924, 5, 2024/02/07, 22:46:05.427, 2914675503859, vstest.console.dll, TestRunRequest:SendTestRunMessage: Starting.
TpTrace Verbose: 0 : 23924, 7, 2024/02/07, 22:46:05.427, 2914675503969, vstest.console.dll, TcpClientExtensions.MessageLoopAsync: NotifyDataAvailable remoteEndPoint: 127.0.0.1:54529 localEndPoint: 127.0.0.1:54527
TpTrace Verbose: 0 : 23924, 7, 2024/02/07, 22:46:05.427, 2914675505247, vstest.console.dll, LengthPrefixCommunicationChannel.NotifyDataAvailable: New data are waiting to be received, but there is no subscriber to be notified. Not reading them from the stream.
TpTrace Verbose: 0 : 23924, 5, 2024/02/07, 22:46:05.427, 2914675505640, vstest.console.dll, MulticastDelegateUtilities.SafeInvoke: TestRun.LogMessages: Invoking callback 1/1 for Microsoft.VisualStudio.TestPlatform.CommandLine.TestRunResultAggregator., took 0 ms.
TpTrace Verbose: 0 : 23924, 7, 2024/02/07, 22:46:05.427, 2914675505694, vstest.console.dll, TcpClientExtensions.MessageLoopAsync: Polling on remoteEndPoint: 127.0.0.1:54529 localEndPoint: 127.0.0.1:54527
TpTrace Information: 0 : 23924, 5, 2024/02/07, 22:46:05.427, 2914675506174, vstest.console.dll, TestRunRequest:SendTestRunMessage: Completed.
TpTrace Verbose: 0 : 23924, 7, 2024/02/07, 22:46:05.428, 2914675506960, vstest.console.dll, TcpClientExtensions.MessageLoopAsync: NotifyDataAvailable remoteEndPoint: 127.0.0.1:54529 localEndPoint: 127.0.0.1:54527
TpTrace Verbose: 0 : 23924, 4, 2024/02/07, 22:46:05.428, 2914675507440, vstest.console.dll, MulticastDelegateUtilities.SafeInvoke: InternalTestLoggerEvents.SendTestRunMessage: Invoking callback 1/1 for Microsoft.VisualStudio.TestPlatform.CommandLine.Internal.ConsoleLogger., took 0 ms.
TpTrace Verbose: 0 : 23924, 7, 2024/02/07, 22:46:05.428, 2914675507492, vstest.console.dll, LengthPrefixCommunicationChannel.NotifyDataAvailable: New data are waiting to be received, but there is no subscriber to be notified. Not reading them from the stream.
TpTrace Verbose: 0 : 23924, 7, 2024/02/07, 22:46:05.428, 2914675509065, vstest.console.dll, TcpClientExtensions.MessageLoopAsync: Polling on remoteEndPoint: 127.0.0.1:54529 localEndPoint: 127.0.0.1:54527
TpTrace Verbose: 0 : 23924, 7, 2024/02/07, 22:46:05.428, 2914675509652, vstest.console.dll, TcpClientExtensions.MessageLoopAsync: NotifyDataAvailable remoteEndPoint: 127.0.0.1:54529 localEndPoint: 127.0.0.1:54527
TpTrace Verbose: 0 : 23924, 7, 2024/02/07, 22:46:05.428, 2914675510034, vstest.console.dll, LengthPrefixCommunicationChannel.NotifyDataAvailable: New data are waiting to be received, but there is no subscriber to be notified. Not reading them from the stream.
TpTrace Verbose: 0 : 23924, 7, 2024/02/07, 22:46:05.428, 2914675510414, vstest.console.dll, TcpClientExtensions.MessageLoopAsync: Polling on remoteEndPoint: 127.0.0.1:54529 localEndPoint: 127.0.0.1:54527
TpTrace Verbose: 0 : 23924, 7, 2024/02/07, 22:46:05.428, 2914675510808, vstest.console.dll, TcpClientExtensions.MessageLoopAsync: NotifyDataAvailable remoteEndPoint: 127.0.0.1:54529 localEndPoint: 127.0.0.1:54527
TpTrace Verbose: 0 : 23924, 7, 2024/02/07, 22:46:05.428, 2914675511076, vstest.console.dll, LengthPrefixCommunicationChannel.NotifyDataAvailable: New data are waiting to be received, but there is no subscriber to be notified. Not reading them from the stream.
TpTrace Verbose: 0 : 23924, 7, 2024/02/07, 22:46:05.428, 2914675511394, vstest.console.dll, TcpClientExtensions.MessageLoopAsync: Polling on remoteEndPoint: 127.0.0.1:54529 localEndPoint: 127.0.0.1:54527
TpTrace Verbose: 0 : 23924, 7, 2024/02/07, 22:46:05.428, 2914675511771, vstest.console.dll, TcpClientExtensions.MessageLoopAsync: NotifyDataAvailable remoteEndPoint: 127.0.0.1:54529 localEndPoint: 127.0.0.1:54527
TpTrace Warning: 0 : 23924, 5, 2024/02/07, 22:46:05.428, 2914675511912, vstest.console.dll, InferRunSettingsHelper.MakeRunsettingsCompatible: Removing the following settings: TargetPlatform from RunSettings file. To use those settings please move to latest version of Microsoft.NET.Test.Sdk
TpTrace Verbose: 0 : 23924, 7, 2024/02/07, 22:46:05.428, 2914675512132, vstest.console.dll, LengthPrefixCommunicationChannel.NotifyDataAvailable: New data are waiting to be received, but there is no subscriber to be notified. Not reading them from the stream.
TpTrace Verbose: 0 : 23924, 7, 2024/02/07, 22:46:05.428, 2914675513492, vstest.console.dll, TcpClientExtensions.MessageLoopAsync: Polling on remoteEndPoint: 127.0.0.1:54529 localEndPoint: 127.0.0.1:54527
TpTrace Verbose: 0 : 23924, 7, 2024/02/07, 22:46:05.428, 2914675513920, vstest.console.dll, TcpClientExtensions.MessageLoopAsync: NotifyDataAvailable remoteEndPoint: 127.0.0.1:54529 localEndPoint: 127.0.0.1:54527
TpTrace Verbose: 0 : 23924, 7, 2024/02/07, 22:46:05.428, 2914675514202, vstest.console.dll, LengthPrefixCommunicationChannel.NotifyDataAvailable: New data are waiting to be received, but there is no subscriber to be notified. Not reading them from the stream.
TpTrace Verbose: 0 : 23924, 7, 2024/02/07, 22:46:05.428, 2914675514471, vstest.console.dll, TcpClientExtensions.MessageLoopAsync: Polling on remoteEndPoint: 127.0.0.1:54529 localEndPoint: 127.0.0.1:54527
TpTrace Verbose: 0 : 23924, 7, 2024/02/07, 22:46:05.428, 2914675514769, vstest.console.dll, TcpClientExtensions.MessageLoopAsync: NotifyDataAvailable remoteEndPoint: 127.0.0.1:54529 localEndPoint: 127.0.0.1:54527
TpTrace Verbose: 0 : 23924, 7, 2024/02/07, 22:46:05.428, 2914675515053, vstest.console.dll, LengthPrefixCommunicationChannel.NotifyDataAvailable: New data are waiting to be received, but there is no subscriber to be notified. Not reading them from the stream.
TpTrace Verbose: 0 : 23924, 7, 2024/02/07, 22:46:05.428, 2914675515319, vstest.console.dll, TcpClientExtensions.MessageLoopAsync: Polling on remoteEndPoint: 127.0.0.1:54529 localEndPoint: 127.0.0.1:54527
TpTrace Verbose: 0 : 23924, 7, 2024/02/07, 22:46:05.428, 2914675515604, vstest.console.dll, TcpClientExtensions.MessageLoopAsync: NotifyDataAvailable remoteEndPoint: 127.0.0.1:54529 localEndPoint: 127.0.0.1:54527
TpTrace Verbose: 0 : 23924, 7, 2024/02/07, 22:46:05.428, 2914675515867, vstest.console.dll, LengthPrefixCommunicationChannel.NotifyDataAvailable: New data are waiting to be received, but there is no subscriber to be notified. Not reading them from the stream.
TpTrace Verbose: 0 : 23924, 7, 2024/02/07, 22:46:05.428, 2914675516132, vstest.console.dll, TcpClientExtensions.MessageLoopAsync: Polling on remoteEndPoint: 127.0.0.1:54529 localEndPoint: 127.0.0.1:54527
TpTrace Verbose: 0 : 23924, 7, 2024/02/07, 22:46:05.429, 2914675516431, vstest.console.dll, TcpClientExtensions.MessageLoopAsync: NotifyDataAvailable remoteEndPoint: 127.0.0.1:54529 localEndPoint: 127.0.0.1:54527
TpTrace Verbose: 0 : 23924, 7, 2024/02/07, 22:46:05.429, 2914675520178, vstest.console.dll, TestRequestSender.OnExecutionMessageReceived: Received message: {"Version":7,"MessageType":"TestSession.Message","Payload":{"MessageLevel":0,"Message":"Logging TestHost Diagnostics in file: C:\\Users\\leonardo.alves\\Documents\\Estudos\\NlwExpert-Csharp\\RocketSeatAuction\\tests\\UseCase.Test\\bin\\Debug\\net8.0\\fine-code-coverage\\coverage-tool-output\\diagnostics.host.24-02-07_22-46-04_95336_5.log"}}
TpTrace Verbose: 0 : 23924, 7, 2024/02/07, 22:46:05.432, 2914675548798, vstest.console.dll, TestRunRequest:SendTestRunMessage: Starting.
TpTrace Verbose: 0 : 23924, 7, 2024/02/07, 22:46:05.432, 2914675551002, vstest.console.dll, MulticastDelegateUtilities.SafeInvoke: TestRun.LogMessages: Invoking callback 1/1 for Microsoft.VisualStudio.TestPlatform.CommandLine.TestRunResultAggregator., took 0 ms.
TpTrace Information: 0 : 23924, 7, 2024/02/07, 22:46:05.432, 2914675551510, vstest.console.dll, TestRunRequest:SendTestRunMessage: Completed.
TpTrace Verbose: 0 : 23924, 4, 2024/02/07, 22:46:05.432, 2914675551113, vstest.console.dll, MulticastDelegateUtilities.SafeInvoke: InternalTestLoggerEvents.SendTestRunMessage: Invoking callback 1/1 for Microsoft.VisualStudio.TestPlatform.CommandLine.Internal.ConsoleLogger., took 0 ms.
TpTrace Verbose: 0 : 23924, 7, 2024/02/07, 22:46:05.432, 2914675552020, vstest.console.dll, MulticastDelegateUtilities.SafeInvoke: LengthPrefixCommunicationChannel: MessageReceived: Invoking callback 1/1 for Microsoft.VisualStudio.TestPlatform.CommunicationUtilities.TestRequestSender+<>c__DisplayClass34_0., took 3 ms.
TpTrace Verbose: 0 : 23924, 7, 2024/02/07, 22:46:05.432, 2914675553503, vstest.console.dll, TcpClientExtensions.MessageLoopAsync: Polling on remoteEndPoint: 127.0.0.1:54529 localEndPoint: 127.0.0.1:54527
TpTrace Verbose: 0 : 23924, 5, 2024/02/07, 22:46:05.434, 2914675574969, vstest.console.dll, TestRequestSender.StartTestRun: Sending test run with message: {"Version":7,"MessageType":"TestExecution.StartWithSources","Payload":{"AdapterSourceMap":{"_none_":["C:\\Users\\leonardo.alves\\Documents\\Estudos\\NlwExpert-Csharp\\RocketSeatAuction\\tests\\UseCase.Test\\bin\\Debug\\net8.0\\fine-code-coverage\\build-output\\UseCase.Test.dll"]},"RunSettings":"<RunSettings>\r\n  <RunConfiguration>\r\n    <ResultsDirectory>C:\\Users\\leonardo.alves\\Documents\\Estudos\\NlwExpert-Csharp\\RocketSeatAuction\\tests\\UseCase.Test\\bin\\Debug\\net8.0\\fine-code-coverage\\coverage-tool-output</ResultsDirectory>\r\n    <TargetFrameworkVersion>.NETCoreApp,Version=v8.0</TargetFrameworkVersion>\r\n    <DesignMode>False</DesignMode>\r\n    <CollectSourceInformation>False</CollectSourceInformation>\r\n  </RunConfiguration>\r\n  <LoggerRunSettings>\r\n    <Loggers>\r\n      <Logger friendlyName=\"blame\" enabled=\"True\" />\r\n      <Logger friendlyName=\"Console\" uri=\"logger://microsoft/TestPlatform/ConsoleLogger/v1\" assemblyQualifiedName=\"Microsoft.VisualStudio.TestPlatform.CommandLine.Internal.ConsoleLogger, vstest.console, Version=15.0.0.0, Culture=neutral, PublicKeyToken=b03f5f7f11d50a3a\" codeBase=\"C:\\Program Files\\dotnet\\sdk\\8.0.101\\vstest.console.dll\" enabled=\"True\" />\r\n    </Loggers>\r\n  </LoggerRunSettings>\r\n  <DataCollectionRunSettings>\r\n    <DataCollectors>\r\n      <DataCollector friendlyName=\"blame\" enabled=\"True\">\r\n        <Configuration>\r\n          <ResultsDirectory>C:\\Users\\leonardo.alves\\Documents\\Estudos\\NlwExpert-Csharp\\RocketSeatAuction\\tests\\UseCase.Test\\bin\\Debug\\net8.0\\fine-code-coverage\\coverage-tool-output</ResultsDirectory>\r\n        </Configuration>\r\n      </DataCollector>\r\n    </DataCollectors>\r\n  </DataCollectionRunSettings>\r\n</RunSettings>","TestExecutionContext":{"FrequencyOfRunStatsChangeEvent":10,"RunStatsChangeEventTimeout":"00:00:01.5000000","InIsolation":false,"KeepAlive":false,"AreTestCaseLevelEventsRequired":false,"IsDebug":false,"TestCaseFilter":null,"FilterOptions":null},"Package":null}}
TpTrace Verbose: 0 : 23924, 5, 2024/02/07, 22:46:05.435, 2914675577669, vstest.console.dll, ParallelProxyExecutionManager.StartTestRunOnConcurrentManager: Execution started. Started clients: 1
TpTrace Verbose: 0 : 23924, 7, 2024/02/07, 22:46:05.583, 2914677060248, vstest.console.dll, TcpClientExtensions.MessageLoopAsync: NotifyDataAvailable remoteEndPoint: 127.0.0.1:54529 localEndPoint: 127.0.0.1:54527
TpTrace Verbose: 0 : 23924, 7, 2024/02/07, 22:46:05.583, 2914677062447, vstest.console.dll, TestRequestSender.OnExecutionMessageReceived: Received message: {"Version":7,"MessageType":"TestSession.Message","Payload":{"MessageLevel":0,"Message":"[xUnit.net 00:00:00.00] xUnit.net VSTest Adapter v2.4.5+1caef2f33e (64-bit .NET 8.0.1)"}}
TpTrace Verbose: 0 : 23924, 7, 2024/02/07, 22:46:05.583, 2914677065449, vstest.console.dll, TestRunRequest:SendTestRunMessage: Starting.
TpTrace Verbose: 0 : 23924, 7, 2024/02/07, 22:46:05.584, 2914677066757, vstest.console.dll, MulticastDelegateUtilities.SafeInvoke: TestRun.LogMessages: Invoking callback 1/1 for Microsoft.VisualStudio.TestPlatform.CommandLine.TestRunResultAggregator., took 0 ms.
TpTrace Information: 0 : 23924, 7, 2024/02/07, 22:46:05.584, 2914677067572, vstest.console.dll, TestRunRequest:SendTestRunMessage: Completed.
TpTrace Verbose: 0 : 23924, 4, 2024/02/07, 22:46:05.584, 2914677067838, vstest.console.dll, MulticastDelegateUtilities.SafeInvoke: InternalTestLoggerEvents.SendTestRunMessage: Invoking callback 1/1 for Microsoft.VisualStudio.TestPlatform.CommandLine.Internal.ConsoleLogger., took 0 ms.
TpTrace Verbose: 0 : 23924, 7, 2024/02/07, 22:46:05.584, 2914677068280, vstest.console.dll, MulticastDelegateUtilities.SafeInvoke: LengthPrefixCommunicationChannel: MessageReceived: Invoking callback 1/1 for Microsoft.VisualStudio.TestPlatform.CommunicationUtilities.TestRequestSender+<>c__DisplayClass34_0., took 0 ms.
TpTrace Verbose: 0 : 23924, 7, 2024/02/07, 22:46:05.584, 2914677070939, vstest.console.dll, TcpClientExtensions.MessageLoopAsync: Polling on remoteEndPoint: 127.0.0.1:54529 localEndPoint: 127.0.0.1:54527
TpTrace Verbose: 0 : 23924, 7, 2024/02/07, 22:46:06.598, 2914687212140, vstest.console.dll, TcpClientExtensions.MessageLoopAsync: Polling on remoteEndPoint: 127.0.0.1:54529 localEndPoint: 127.0.0.1:54527
TpTrace Verbose: 0 : 23924, 7, 2024/02/07, 22:46:06.931, 2914690539845, vstest.console.dll, TcpClientExtensions.MessageLoopAsync: NotifyDataAvailable remoteEndPoint: 127.0.0.1:54529 localEndPoint: 127.0.0.1:54527
TpTrace Verbose: 0 : 23924, 7, 2024/02/07, 22:46:06.931, 2914690541809, vstest.console.dll, TestRequestSender.OnExecutionMessageReceived: Received message: {"Version":7,"MessageType":"TestSession.Message","Payload":{"MessageLevel":0,"Message":"[xUnit.net 00:00:01.35]   Discovering: UseCase.Test"}}
TpTrace Verbose: 0 : 23924, 7, 2024/02/07, 22:46:06.931, 2914690543368, vstest.console.dll, TestRunRequest:SendTestRunMessage: Starting.
TpTrace Verbose: 0 : 23924, 7, 2024/02/07, 22:46:06.931, 2914690543876, vstest.console.dll, MulticastDelegateUtilities.SafeInvoke: TestRun.LogMessages: Invoking callback 1/1 for Microsoft.VisualStudio.TestPlatform.CommandLine.TestRunResultAggregator., took 0 ms.
TpTrace Information: 0 : 23924, 7, 2024/02/07, 22:46:06.931, 2914690544148, vstest.console.dll, TestRunRequest:SendTestRunMessage: Completed.
TpTrace Verbose: 0 : 23924, 7, 2024/02/07, 22:46:06.931, 2914690544405, vstest.console.dll, MulticastDelegateUtilities.SafeInvoke: LengthPrefixCommunicationChannel: MessageReceived: Invoking callback 1/1 for Microsoft.VisualStudio.TestPlatform.CommunicationUtilities.TestRequestSender+<>c__DisplayClass34_0., took 0 ms.
TpTrace Verbose: 0 : 23924, 7, 2024/02/07, 22:46:06.931, 2914690544681, vstest.console.dll, TcpClientExtensions.MessageLoopAsync: Polling on remoteEndPoint: 127.0.0.1:54529 localEndPoint: 127.0.0.1:54527
TpTrace Verbose: 0 : 23924, 4, 2024/02/07, 22:46:06.931, 2914690544862, vstest.console.dll, MulticastDelegateUtilities.SafeInvoke: InternalTestLoggerEvents.SendTestRunMessage: Invoking callback 1/1 for Microsoft.VisualStudio.TestPlatform.CommandLine.Internal.ConsoleLogger., took 0 ms.
TpTrace Verbose: 0 : 23924, 7, 2024/02/07, 22:46:06.953, 2914690757411, vstest.console.dll, TcpClientExtensions.MessageLoopAsync: NotifyDataAvailable remoteEndPoint: 127.0.0.1:54529 localEndPoint: 127.0.0.1:54527
TpTrace Verbose: 0 : 23924, 7, 2024/02/07, 22:46:06.953, 2914690759487, vstest.console.dll, TestRequestSender.OnExecutionMessageReceived: Received message: {"Version":7,"MessageType":"TestSession.Message","Payload":{"MessageLevel":0,"Message":"[xUnit.net 00:00:01.37]   Discovered:  UseCase.Test"}}
TpTrace Verbose: 0 : 23924, 7, 2024/02/07, 22:46:06.953, 2914690761079, vstest.console.dll, TestRunRequest:SendTestRunMessage: Starting.
TpTrace Verbose: 0 : 23924, 7, 2024/02/07, 22:46:06.953, 2914690764599, vstest.console.dll, MulticastDelegateUtilities.SafeInvoke: TestRun.LogMessages: Invoking callback 1/1 for Microsoft.VisualStudio.TestPlatform.CommandLine.TestRunResultAggregator., took 0 ms.
TpTrace Information: 0 : 23924, 7, 2024/02/07, 22:46:06.953, 2914690765212, vstest.console.dll, TestRunRequest:SendTestRunMessage: Completed.
TpTrace Verbose: 0 : 23924, 7, 2024/02/07, 22:46:06.953, 2914690765930, vstest.console.dll, MulticastDelegateUtilities.SafeInvoke: LengthPrefixCommunicationChannel: MessageReceived: Invoking callback 1/1 for Microsoft.VisualStudio.TestPlatform.CommunicationUtilities.TestRequestSender+<>c__DisplayClass34_0., took 0 ms.
TpTrace Verbose: 0 : 23924, 4, 2024/02/07, 22:46:06.953, 2914690765379, vstest.console.dll, MulticastDelegateUtilities.SafeInvoke: InternalTestLoggerEvents.SendTestRunMessage: Invoking callback 1/1 for Microsoft.VisualStudio.TestPlatform.CommandLine.Internal.ConsoleLogger., took 0 ms.
TpTrace Verbose: 0 : 23924, 7, 2024/02/07, 22:46:06.954, 2914690766580, vstest.console.dll, TcpClientExtensions.MessageLoopAsync: Polling on remoteEndPoint: 127.0.0.1:54529 localEndPoint: 127.0.0.1:54527
TpTrace Verbose: 0 : 23924, 7, 2024/02/07, 22:46:06.955, 2914690778168, vstest.console.dll, TcpClientExtensions.MessageLoopAsync: NotifyDataAvailable remoteEndPoint: 127.0.0.1:54529 localEndPoint: 127.0.0.1:54527
TpTrace Verbose: 0 : 23924, 7, 2024/02/07, 22:46:06.955, 2914690779656, vstest.console.dll, TestRequestSender.OnExecutionMessageReceived: Received message: {"Version":7,"MessageType":"TestSession.Message","Payload":{"MessageLevel":0,"Message":"[xUnit.net 00:00:01.37]   Starting:    UseCase.Test"}}
TpTrace Verbose: 0 : 23924, 7, 2024/02/07, 22:46:06.955, 2914690780657, vstest.console.dll, TestRunRequest:SendTestRunMessage: Starting.
TpTrace Verbose: 0 : 23924, 7, 2024/02/07, 22:46:06.955, 2914690781148, vstest.console.dll, MulticastDelegateUtilities.SafeInvoke: TestRun.LogMessages: Invoking callback 1/1 for Microsoft.VisualStudio.TestPlatform.CommandLine.TestRunResultAggregator., took 0 ms.
TpTrace Information: 0 : 23924, 7, 2024/02/07, 22:46:06.955, 2914690781485, vstest.console.dll, TestRunRequest:SendTestRunMessage: Completed.
TpTrace Verbose: 0 : 23924, 7, 2024/02/07, 22:46:06.955, 2914690781727, vstest.console.dll, MulticastDelegateUtilities.SafeInvoke: LengthPrefixCommunicationChannel: MessageReceived: Invoking callback 1/1 for Microsoft.VisualStudio.TestPlatform.CommunicationUtilities.TestRequestSender+<>c__DisplayClass34_0., took 0 ms.
TpTrace Verbose: 0 : 23924, 7, 2024/02/07, 22:46:06.955, 2914690781982, vstest.console.dll, TcpClientExtensions.MessageLoopAsync: Polling on remoteEndPoint: 127.0.0.1:54529 localEndPoint: 127.0.0.1:54527
TpTrace Verbose: 0 : 23924, 4, 2024/02/07, 22:46:06.955, 2914690781919, vstest.console.dll, MulticastDelegateUtilities.SafeInvoke: InternalTestLoggerEvents.SendTestRunMessage: Invoking callback 1/1 for Microsoft.VisualStudio.TestPlatform.CommandLine.Internal.ConsoleLogger., took 0 ms.
TpTrace Verbose: 0 : 23924, 7, 2024/02/07, 22:46:07.041, 2914691645018, vstest.console.dll, TcpClientExtensions.MessageLoopAsync: NotifyDataAvailable remoteEndPoint: 127.0.0.1:54529 localEndPoint: 127.0.0.1:54527
TpTrace Verbose: 0 : 23924, 7, 2024/02/07, 22:46:07.042, 2914691647856, vstest.console.dll, TestRequestSender.OnExecutionMessageReceived: Received message: {"Version":7,"MessageType":"TestExecution.StatsChange","Payload":{"NewTestResults":[],"TestRunStatistics":{"ExecutedTests":0,"Stats":{}},"ActiveTests":[{"Id":"ff234d99-9ace-7b8a-2c27-c0b0290b50ea","FullyQualifiedName":"UseCase.Test.Auction.GetCurrent.GetCurrentAuctionUseCaseTest.Success","DisplayName":"UseCase.Test.Auction.GetCurrent.GetCurrentAuctionUseCaseTest.Success","ExecutorUri":"executor://xunit/VsTestRunner2/netcoreapp","Source":"C:\\Users\\leonardo.alves\\Documents\\Estudos\\NlwExpert-Csharp\\RocketSeatAuction\\tests\\UseCase.Test\\bin\\Debug\\net8.0\\fine-code-coverage\\build-output\\UseCase.Test.dll","CodeFilePath":null,"LineNumber":0,"Properties":[]},{"Id":"d5d67cc8-8fd2-3ed6-998d-12a2edc791a0","FullyQualifiedName":"UseCase.Test.Offer.CreateOffer.CreateOfferUseCaseTest.Success","DisplayName":"UseCase.Test.Offer.CreateOffer.CreateOfferUseCaseTest.Success","ExecutorUri":"executor://xunit/VsTestRunner2/netcoreapp","Source":"C:\\Users\\leonardo.alves\\Documents\\Estudos\\NlwExpert-Csharp\\RocketSeatAuction\\tests\\UseCase.Test\\bin\\Debug\\net8.0\\fine-code-coverage\\build-output\\UseCase.Test.dll","CodeFilePath":null,"LineNumber":0,"Properties":[]}]}}
TpTrace Verbose: 0 : 23924, 7, 2024/02/07, 22:46:07.054, 2914691767910, vstest.console.dll, TestRunRequest:SendTestRunStatsChange: Starting.
TpTrace Verbose: 0 : 23924, 7, 2024/02/07, 22:46:07.054, 2914691769780, vstest.console.dll, InProgress is UseCase.Test.Auction.GetCurrent.GetCurrentAuctionUseCaseTest.Success
TpTrace Verbose: 0 : 23924, 7, 2024/02/07, 22:46:07.054, 2914691770177, vstest.console.dll, InProgress is UseCase.Test.Offer.CreateOffer.CreateOfferUseCaseTest.Success
TpTrace Verbose: 0 : 23924, 7, 2024/02/07, 22:46:07.054, 2914691771941, vstest.console.dll, MulticastDelegateUtilities.SafeInvoke: TestRun.RunStatsChanged: Invoking callbacks was skipped because there are no subscribers.
TpTrace Information: 0 : 23924, 7, 2024/02/07, 22:46:07.054, 2914691772440, vstest.console.dll, TestRunRequest:SendTestRunStatsChange: Completed.
TpTrace Verbose: 0 : 23924, 7, 2024/02/07, 22:46:07.054, 2914691772762, vstest.console.dll, MulticastDelegateUtilities.SafeInvoke: LengthPrefixCommunicationChannel: MessageReceived: Invoking callback 1/1 for Microsoft.VisualStudio.TestPlatform.CommunicationUtilities.TestRequestSender+<>c__DisplayClass34_0., took 12 ms.
TpTrace Verbose: 0 : 23924, 7, 2024/02/07, 22:46:07.054, 2914691773111, vstest.console.dll, TcpClientExtensions.MessageLoopAsync: Polling on remoteEndPoint: 127.0.0.1:54529 localEndPoint: 127.0.0.1:54527
TpTrace Verbose: 0 : 23924, 7, 2024/02/07, 22:46:07.115, 2914692380155, vstest.console.dll, TcpClientExtensions.MessageLoopAsync: NotifyDataAvailable remoteEndPoint: 127.0.0.1:54529 localEndPoint: 127.0.0.1:54527
TpTrace Verbose: 0 : 23924, 7, 2024/02/07, 22:46:07.115, 2914692381780, vstest.console.dll, TestRequestSender.OnExecutionMessageReceived: Received message: {"Version":7,"MessageType":"TestSession.Message","Payload":{"MessageLevel":0,"Message":"[xUnit.net 00:00:01.53]   Finished:    UseCase.Test"}}
TpTrace Verbose: 0 : 23924, 7, 2024/02/07, 22:46:07.115, 2914692383190, vstest.console.dll, TestRunRequest:SendTestRunMessage: Starting.
TpTrace Verbose: 0 : 23924, 7, 2024/02/07, 22:46:07.115, 2914692383828, vstest.console.dll, MulticastDelegateUtilities.SafeInvoke: TestRun.LogMessages: Invoking callback 1/1 for Microsoft.VisualStudio.TestPlatform.CommandLine.TestRunResultAggregator., took 0 ms.
TpTrace Verbose: 0 : 23924, 4, 2024/02/07, 22:46:07.115, 2914692384075, vstest.console.dll, MulticastDelegateUtilities.SafeInvoke: InternalTestLoggerEvents.SendTestRunMessage: Invoking callback 1/1 for Microsoft.VisualStudio.TestPlatform.CommandLine.Internal.ConsoleLogger., took 0 ms.
TpTrace Information: 0 : 23924, 7, 2024/02/07, 22:46:07.115, 2914692384117, vstest.console.dll, TestRunRequest:SendTestRunMessage: Completed.
TpTrace Verbose: 0 : 23924, 7, 2024/02/07, 22:46:07.116, 2914692387386, vstest.console.dll, MulticastDelegateUtilities.SafeInvoke: LengthPrefixCommunicationChannel: MessageReceived: Invoking callback 1/1 for Microsoft.VisualStudio.TestPlatform.CommunicationUtilities.TestRequestSender+<>c__DisplayClass34_0., took 0 ms.
TpTrace Verbose: 0 : 23924, 7, 2024/02/07, 22:46:07.116, 2914692388441, vstest.console.dll, TcpClientExtensions.MessageLoopAsync: Polling on remoteEndPoint: 127.0.0.1:54529 localEndPoint: 127.0.0.1:54527
TpTrace Verbose: 0 : 23924, 7, 2024/02/07, 22:46:07.137, 2914692604350, vstest.console.dll, TcpClientExtensions.MessageLoopAsync: NotifyDataAvailable remoteEndPoint: 127.0.0.1:54529 localEndPoint: 127.0.0.1:54527
TpTrace Verbose: 0 : 23924, 7, 2024/02/07, 22:46:07.138, 2914692607223, vstest.console.dll, TestRequestSender.OnExecutionMessageReceived: Received message: {"Version":7,"MessageType":"TestExecution.Completed","Payload":{"TestRunCompleteArgs":{"TestRunStatistics":{"ExecutedTests":2,"Stats":{"Passed":2}},"IsCanceled":false,"IsAborted":false,"Error":null,"AttachmentSets":[],"InvokedDataCollectors":[],"ElapsedTimeInRunningTests":"00:00:01.5493774","Metrics":{},"DiscoveredExtensions":{"TestDiscoverers":["Xunit.Runner.VisualStudio.VsTestRunner, xunit.runner.visualstudio.dotnetcore.testadapter, Version=2.4.0.0, Culture=neutral, PublicKeyToken=8d05b1bb7a6fdb6c"],"TestExecutors":["executor://xunit/VsTestRunner2/netcoreapp"],"TestExecutors2":[],"TestSettingsProviders":[]}},"LastRunTests":{"NewTestResults":[{"TestCase":{"Id":"ff234d99-9ace-7b8a-2c27-c0b0290b50ea","FullyQualifiedName":"UseCase.Test.Auction.GetCurrent.GetCurrentAuctionUseCaseTest.Success","DisplayName":"UseCase.Test.Auction.GetCurrent.GetCurrentAuctionUseCaseTest.Success","ExecutorUri":"executor://xunit/VsTestRunner2/netcoreapp","Source":"C:\\Users\\leonardo.alves\\Documents\\Estudos\\NlwExpert-Csharp\\RocketSeatAuction\\tests\\UseCase.Test\\bin\\Debug\\net8.0\\fine-code-coverage\\build-output\\UseCase.Test.dll","CodeFilePath":null,"LineNumber":0,"Properties":[]},"Attachments":[],"Outcome":1,"ErrorMessage":null,"ErrorStackTrace":null,"DisplayName":"UseCase.Test.Auction.GetCurrent.GetCurrentAuctionUseCaseTest.Success","Messages":[],"ComputerName":"SOVBRZNB001007","Duration":"00:00:00.1019127","StartTime":"2024-02-08T01:46:07.0975817+00:00","EndTime":"2024-02-08T01:46:07.0975954+00:00","Properties":[]},{"TestCase":{"Id":"d5d67cc8-8fd2-3ed6-998d-12a2edc791a0","FullyQualifiedName":"UseCase.Test.Offer.CreateOffer.CreateOfferUseCaseTest.Success","DisplayName":"UseCase.Test.Offer.CreateOffer.CreateOfferUseCaseTest.Success","ExecutorUri":"executor://xunit/VsTestRunner2/netcoreapp","Source":"C:\\Users\\leonardo.alves\\Documents\\Estudos\\NlwExpert-Csharp\\RocketSeatAuction\\tests\\UseCase.Test\\bin\\Debug\\net8.0\\fine-code-coverage\\build-output\\UseCase.Test.dll","CodeFilePath":null,"LineNumber":0,"Properties":[]},"Attachments":[],"Outcome":1,"ErrorMessage":null,"ErrorStackTrace":null,"DisplayName":"UseCase.Test.Offer.CreateOffer.CreateOfferUseCaseTest.Success","Messages":[],"ComputerName":"SOVBRZNB001007","Duration":"00:00:00.1018892","StartTime":"2024-02-08T01:46:07.1107228+00:00","EndTime":"2024-02-08T01:46:07.1107228+00:00","Properties":[]}],"TestRunStatistics":{"ExecutedTests":2,"Stats":{"Passed":2}},"ActiveTests":[]},"RunAttachments":[],"ExecutorUris":["executor://xunit/VsTestRunner2/netcoreapp"]}}
TpTrace Verbose: 0 : 23924, 7, 2024/02/07, 22:46:07.138, 2914692608741, vstest.console.dll, TestRequestSender.EndSession: Sending end session.
TpTrace Verbose: 0 : 23924, 7, 2024/02/07, 22:46:07.138, 2914692611301, vstest.console.dll, ProxyOperationManager.Close: waiting for test host to exit for 100 ms
TpTrace Verbose: 0 : 23924, 12, 2024/02/07, 22:46:07.153, 2914692765008, vstest.console.dll, TestHostManagerCallbacks.ctor: Experimental forwarding output is disabled.
TpTrace Warning: 0 : 23924, 12, 2024/02/07, 22:46:07.153, 2914692766213, vstest.console.dll, TestHostManagerCallbacks.ErrorReceivedCallback Test host standard error line: 
TpTrace Verbose: 0 : 23924, 12, 2024/02/07, 22:46:07.174, 2914692972078, vstest.console.dll, TestHostProvider.ExitCallBack: Host exited starting callback.
TpTrace Information: 0 : 23924, 12, 2024/02/07, 22:46:07.174, 2914692973913, vstest.console.dll, TestHostManagerCallbacks.ExitCallBack: Testhost processId: 42916 exited with exitcode: 0 error: ''
TpTrace Verbose: 0 : 23924, 12, 2024/02/07, 22:46:07.174, 2914692974263, vstest.console.dll, DotnetTestHostManager.OnHostExited: invoking OnHostExited callback
TpTrace Verbose: 0 : 23924, 12, 2024/02/07, 22:46:07.174, 2914692974825, vstest.console.dll, CrossPlatEngine.TestHostManagerHostExited: calling on client process exit callback.
TpTrace Information: 0 : 23924, 12, 2024/02/07, 22:46:07.174, 2914692975311, vstest.console.dll, TestRequestSender.OnClientProcessExit: Test host process exited. Standard error: 
TpTrace Information: 0 : 23924, 12, 2024/02/07, 22:46:07.174, 2914692975651, vstest.console.dll, SocketServer.Stop: Stop server endPoint: 127.0.0.1:54527
TpTrace Information: 0 : 23924, 12, 2024/02/07, 22:46:07.174, 2914692975894, vstest.console.dll, SocketServer.Stop: Cancellation requested. Stopping message loop.
TpTrace Information: 0 : 23924, 7, 2024/02/07, 22:46:07.175, 2914692976513, vstest.console.dll, SocketServer.Stop: Stop server endPoint: 127.0.0.1:54527
TpTrace Information: 0 : 23924, 7, 2024/02/07, 22:46:07.175, 2914692977668, vstest.console.dll, SocketServer.Stop: Cancellation requested. Stopping message loop.
TpTrace Verbose: 0 : 23924, 12, 2024/02/07, 22:46:07.175, 2914692976818, vstest.console.dll, MulticastDelegateUtilities.SafeInvoke: HostProviderEvents.OnHostExited: Invoking callback 1/1 for Microsoft.VisualStudio.TestPlatform.CrossPlatEngine.Client.ProxyOperationManager., took 0 ms.
TpTrace Information: 0 : 23924, 7, 2024/02/07, 22:46:07.175, 2914692978500, vstest.console.dll, Closing the connection
TpTrace Verbose: 0 : 23924, 7, 2024/02/07, 22:46:07.175, 2914692982676, vstest.console.dll, ProxyDataCollectionManager.InvokeDataCollectionServiceAction: Starting.
TpTrace Information: 0 : 23924, 7, 2024/02/07, 22:46:07.175, 2914692983629, vstest.console.dll, ProxyDataCollectionManager.AfterTestRunEnd: Get attachment set and invoked data collectors processId: 13556 port: 54524
TpTrace Verbose: 0 : 23924, 7, 2024/02/07, 22:46:07.175, 2914692984316, vstest.console.dll, DataCollectionRequestSender.SendAfterTestRunStartAndGetResult: Send AfterTestRunEnd message with isCancelled: False
TpTrace Verbose: 0 : 23924, 7, 2024/02/07, 22:46:07.182, 2914693050035, vstest.console.dll, DataCollectionRequestSender.SendAfterTestRunStartAndGetResult: Received message: (DataCollection.AfterTestRunEndResult) -> {"MessageType":"DataCollection.AfterTestRunEndResult","Payload":{"AttachmentSets":[],"InvokedDataCollectors":[{"Uri":"datacollector://Microsoft/TestPlatform/Extensions/Blame/v1","FriendlyName":"Blame","AssemblyQualifiedName":"Microsoft.TestPlatform.Extensions.BlameDataCollector.BlameCollector, Microsoft.TestPlatform.Extensions.BlameDataCollector, Version=15.0.0.0, Culture=neutral, PublicKeyToken=b03f5f7f11d50a3a","FilePath":"C:\\Program Files\\dotnet\\sdk\\8.0.101\\Extensions\\Microsoft.TestPlatform.Extensions.BlameDataCollector.dll","HasAttachmentProcessor":false}],"Metrics":{}}}
TpTrace Information: 0 : 23924, 7, 2024/02/07, 22:46:07.187, 2914693099937, vstest.console.dll, ProxyDataCollectionManager.InvokeDataCollectionServiceAction: Completed.
TpTrace Warning: 0 : 23924, 10, 2024/02/07, 22:46:07.190, 2914693127610, vstest.console.dll, DataCollectionLauncher.ErrorReceivedCallback datacollector standard error line: 
TpTrace Information: 0 : 23924, 10, 2024/02/07, 22:46:07.195, 2914693177118, vstest.console.dll, DataCollectionLauncher.ExitCallBack: Data collector exited with exitcode: 0 error: ''
TpTrace Verbose: 0 : 23924, 7, 2024/02/07, 22:46:07.225, 2914693486031, vstest.console.dll, TestRunRequest:SendTestRunStatsChange: Starting.
TpTrace Verbose: 0 : 23924, 7, 2024/02/07, 22:46:07.226, 2914693490432, vstest.console.dll, MulticastDelegateUtilities.SafeInvoke: TestRun.RunStatsChanged: Invoking callbacks was skipped because there are no subscribers.
TpTrace Information: 0 : 23924, 7, 2024/02/07, 22:46:07.226, 2914693490881, vstest.console.dll, TestRunRequest:SendTestRunStatsChange: Completed.
TpTrace Verbose: 0 : 23924, 7, 2024/02/07, 22:46:07.226, 2914693495900, vstest.console.dll, ParallelProxyExecutionManager: HandlePartialRunComplete: Total workloads = 1, Total started clients = 1 Total completed clients = 1, Run complete = True, Run canceled: False.
TpTrace Verbose: 0 : 23924, 7, 2024/02/07, 22:46:07.227, 2914693496646, vstest.console.dll, ParallelProxyExecutionManager: HandlePartialRunComplete: All runs completed stopping all managers.
TpTrace Verbose: 0 : 23924, 7, 2024/02/07, 22:46:07.227, 2914693497007, vstest.console.dll, ParallelOperationManager.StopAllManagers: Stopping all managers.
TpTrace Verbose: 0 : 23924, 7, 2024/02/07, 22:46:07.227, 2914693497275, vstest.console.dll, ParallelOperationManager.ClearSlots: Clearing all slots. Slots should accept more work: False
TpTrace Verbose: 0 : 23924, 7, 2024/02/07, 22:46:07.227, 2914693497805, vstest.console.dll, ParallelOperationManager.SetOccupiedSlotCount: Setting slot counts AvailableSlotCount = 1, OccupiedSlotCount = 0.
TpTrace Verbose: 0 : 23924, 7, 2024/02/07, 22:46:07.227, 2914693498558, vstest.console.dll, Occupied slots:

TpTrace Verbose: 0 : 23924, 4, 2024/02/07, 22:46:07.228, 2914693508051, vstest.console.dll, MulticastDelegateUtilities.SafeInvoke: InternalTestLoggerEvents.SendTestResult: Invoking callback 1/1 for Microsoft.VisualStudio.TestPlatform.CommandLine.Internal.ConsoleLogger., took 1 ms.
TpTrace Verbose: 0 : 23924, 4, 2024/02/07, 22:46:07.228, 2914693511011, vstest.console.dll, MulticastDelegateUtilities.SafeInvoke: InternalTestLoggerEvents.SendTestResult: Invoking callback 1/1 for Microsoft.VisualStudio.TestPlatform.CommandLine.Internal.ConsoleLogger., took 0 ms.
TpTrace Verbose: 0 : 23924, 4, 2024/02/07, 22:46:07.233, 2914693563459, vstest.console.dll, MulticastDelegateUtilities.SafeInvoke: InternalTestLoggerEvents.SendTestRunComplete: Invoking callback 1/2 for Microsoft.TestPlatform.Extensions.BlameDataCollector.BlameLogger., took 0 ms.
TpTrace Verbose: 0 : 23924, 4, 2024/02/07, 22:46:07.237, 2914693603892, vstest.console.dll, MulticastDelegateUtilities.SafeInvoke: InternalTestLoggerEvents.SendTestRunComplete: Invoking callback 2/2 for Microsoft.VisualStudio.TestPlatform.CommandLine.Internal.ConsoleLogger., took 3 ms.
TpTrace Verbose: 0 : 23924, 7, 2024/02/07, 22:46:07.238, 2914693607134, vstest.console.dll, TestRunRequest:TestRunComplete: Starting. IsAborted:False IsCanceled:False.
TpTrace Verbose: 0 : 23924, 7, 2024/02/07, 22:46:07.238, 2914693608773, vstest.console.dll, ParallelOperationManager.DoActionOnAllManagers: Calling an action on all managers.
TpTrace Verbose: 0 : 23924, 7, 2024/02/07, 22:46:07.238, 2914693615741, vstest.console.dll, TestLoggerManager.HandleTestRunComplete: Ignoring as the object is disposed.
TpTrace Verbose: 0 : 23924, 7, 2024/02/07, 22:46:07.239, 2914693617826, vstest.console.dll, MulticastDelegateUtilities.SafeInvoke: TestRun.TestRunComplete: Invoking callback 1/2 for Microsoft.VisualStudio.TestPlatform.CommandLine.TestRunResultAggregator., took 0 ms.
TpTrace Verbose: 0 : 23924, 7, 2024/02/07, 22:46:07.239, 2914693618776, vstest.console.dll, MulticastDelegateUtilities.SafeInvoke: TestRun.TestRunComplete: Invoking callback 2/2 for Microsoft.VisualStudio.TestPlatform.CommandLine.Processors.RunTestsArgumentExecutor+TestRunRequestEventsRegistrar., took 0 ms.
TpTrace Information: 0 : 23924, 7, 2024/02/07, 22:46:07.239, 2914693619632, vstest.console.dll, TestRunRequest:TestRunComplete: Completed.
TpTrace Verbose: 0 : 23924, 1, 2024/02/07, 22:46:07.239, 2914693619876, vstest.console.dll, TestRunRequest.Dispose: Starting.
TpTrace Verbose: 0 : 23924, 7, 2024/02/07, 22:46:07.239, 2914693619978, vstest.console.dll, TestRequestSender.SetOperationComplete: Setting operation complete.
TpTrace Information: 0 : 23924, 1, 2024/02/07, 22:46:07.239, 2914693620594, vstest.console.dll, TestRunRequest.Dispose: Completed.
TpTrace Information: 0 : 23924, 7, 2024/02/07, 22:46:07.239, 2914693621007, vstest.console.dll, SocketServer.Stop: Stop server endPoint: 127.0.0.1:54527
TpTrace Information: 0 : 23924, 1, 2024/02/07, 22:46:07.239, 2914693621670, vstest.console.dll, TestRequestManager.RunTests: run tests completed.
TpTrace Information: 0 : 23924, 7, 2024/02/07, 22:46:07.239, 2914693622042, vstest.console.dll, SocketServer.Stop: Cancellation requested. Stopping message loop.
TpTrace Information: 0 : 23924, 1, 2024/02/07, 22:46:07.239, 2914693622491, vstest.console.dll, RunTestsArgumentProcessor:Execute: Test run is completed.
TpTrace Verbose: 0 : 23924, 7, 2024/02/07, 22:46:07.239, 2914693622601, vstest.console.dll, MulticastDelegateUtilities.SafeInvoke: LengthPrefixCommunicationChannel: MessageReceived: Invoking callback 1/1 for Microsoft.VisualStudio.TestPlatform.CommunicationUtilities.TestRequestSender+<>c__DisplayClass34_0., took 101 ms.
TpTrace Information: 0 : 23924, 7, 2024/02/07, 22:46:07.239, 2914693623493, vstest.console.dll, SocketServer.PrivateStop: Stopping server endPoint: 127.0.0.1:54527 error: 
TpTrace Verbose: 0 : 23924, 1, 2024/02/07, 22:46:07.239, 2914693624701, vstest.console.dll, Executor.Execute: Exiting with exit code of 0
TpTrace Verbose: 0 : 23924, 7, 2024/02/07, 22:46:07.240, 2914693627961, vstest.console.dll, LengthPrefixCommunicationChannel.Dispose: Dispose reader and writer.
TpTrace Information: 0 : 23924, 7, 2024/02/07, 22:46:07.240, 2914693628990, vstest.console.dll, SocketServer.Stop: Raise disconnected event endPoint: 127.0.0.1:54527 error: 
TpTrace Verbose: 0 : 23924, 7, 2024/02/07, 22:46:07.240, 2914693629811, vstest.console.dll, TestRequestSender: OnTestRunAbort: Operation is already complete. Skip error message.
TpTrace Verbose: 0 : 23924, 7, 2024/02/07, 22:46:07.240, 2914693630239, vstest.console.dll, MulticastDelegateUtilities.SafeInvoke: SocketServer: ClientDisconnected: Invoking callback 1/1 for Microsoft.VisualStudio.TestPlatform.CommunicationUtilities.TestRequestSender., took 0 ms.
TpTrace Verbose: 0 : 23924, 7, 2024/02/07, 22:46:07.240, 2914693630538, vstest.console.dll, TcpClientExtensions.MessageLoopAsync: exiting MessageLoopAsync remoteEndPoint: 127.0.0.1:54529 localEndPoint: 127.0.0.1:54527
